[2022-02-19 08:30:11,834] {scheduler_job.py:181} INFO - Started process (PID=48) to work on /opt/airflow/dags/init.py
[2022-02-19 08:30:11,838] {scheduler_job.py:632} INFO - Processing file /opt/airflow/dags/init.py for tasks to queue
[2022-02-19 08:30:11,842] {logging_mixin.py:104} INFO - [2022-02-19 08:30:11,841] {dagbag.py:496} INFO - Filling up the DagBag from /opt/airflow/dags/init.py
[2022-02-19 08:30:11,941] {scheduler_job.py:642} INFO - DAG(s) dict_keys(['1_init_once_seed_data']) retrieved from /opt/airflow/dags/init.py
[2022-02-19 08:30:13,019] {logging_mixin.py:104} INFO - [2022-02-19 08:30:13,019] {dag.py:1833} INFO - Sync 1 DAGs
[2022-02-19 08:30:13,045] {logging_mixin.py:104} INFO - [2022-02-19 08:30:13,045] {dag.py:2306} INFO - Setting next_dagrun for 1_init_once_seed_data to None
[2022-02-19 08:30:13,072] {scheduler_job.py:189} INFO - Processing /opt/airflow/dags/init.py took 1.242 seconds
[2022-02-19 08:30:43,116] {scheduler_job.py:181} INFO - Started process (PID=103) to work on /opt/airflow/dags/init.py
[2022-02-19 08:30:43,118] {scheduler_job.py:632} INFO - Processing file /opt/airflow/dags/init.py for tasks to queue
[2022-02-19 08:30:43,120] {logging_mixin.py:104} INFO - [2022-02-19 08:30:43,120] {dagbag.py:496} INFO - Filling up the DagBag from /opt/airflow/dags/init.py
[2022-02-19 08:30:43,150] {scheduler_job.py:642} INFO - DAG(s) dict_keys(['1_init_once_seed_data']) retrieved from /opt/airflow/dags/init.py
[2022-02-19 08:30:43,179] {logging_mixin.py:104} INFO - [2022-02-19 08:30:43,179] {dag.py:1833} INFO - Sync 1 DAGs
[2022-02-19 08:30:43,200] {logging_mixin.py:104} INFO - [2022-02-19 08:30:43,200] {dag.py:2306} INFO - Setting next_dagrun for 1_init_once_seed_data to None
[2022-02-19 08:30:43,211] {scheduler_job.py:189} INFO - Processing /opt/airflow/dags/init.py took 0.100 seconds
[2022-02-19 08:31:13,995] {scheduler_job.py:181} INFO - Started process (PID=168) to work on /opt/airflow/dags/init.py
[2022-02-19 08:31:13,997] {scheduler_job.py:632} INFO - Processing file /opt/airflow/dags/init.py for tasks to queue
[2022-02-19 08:31:13,998] {logging_mixin.py:104} INFO - [2022-02-19 08:31:13,998] {dagbag.py:496} INFO - Filling up the DagBag from /opt/airflow/dags/init.py
[2022-02-19 08:31:14,026] {scheduler_job.py:642} INFO - DAG(s) dict_keys(['1_init_once_seed_data']) retrieved from /opt/airflow/dags/init.py
[2022-02-19 08:31:14,053] {logging_mixin.py:104} INFO - [2022-02-19 08:31:14,053] {dag.py:1833} INFO - Sync 1 DAGs
[2022-02-19 08:31:14,073] {logging_mixin.py:104} INFO - [2022-02-19 08:31:14,073] {dag.py:2306} INFO - Setting next_dagrun for 1_init_once_seed_data to None
[2022-02-19 08:31:14,083] {scheduler_job.py:189} INFO - Processing /opt/airflow/dags/init.py took 0.093 seconds
[2022-02-19 08:31:44,728] {scheduler_job.py:181} INFO - Started process (PID=222) to work on /opt/airflow/dags/init.py
[2022-02-19 08:31:44,731] {scheduler_job.py:632} INFO - Processing file /opt/airflow/dags/init.py for tasks to queue
[2022-02-19 08:31:44,732] {logging_mixin.py:104} INFO - [2022-02-19 08:31:44,732] {dagbag.py:496} INFO - Filling up the DagBag from /opt/airflow/dags/init.py
[2022-02-19 08:31:44,758] {scheduler_job.py:642} INFO - DAG(s) dict_keys(['1_init_once_seed_data']) retrieved from /opt/airflow/dags/init.py
[2022-02-19 08:31:44,787] {logging_mixin.py:104} INFO - [2022-02-19 08:31:44,787] {dag.py:1833} INFO - Sync 1 DAGs
[2022-02-19 08:31:44,807] {logging_mixin.py:104} INFO - [2022-02-19 08:31:44,807] {dag.py:2306} INFO - Setting next_dagrun for 1_init_once_seed_data to None
[2022-02-19 08:31:44,819] {scheduler_job.py:189} INFO - Processing /opt/airflow/dags/init.py took 0.095 seconds
[2022-02-19 08:32:15,483] {scheduler_job.py:181} INFO - Started process (PID=288) to work on /opt/airflow/dags/init.py
[2022-02-19 08:32:15,486] {scheduler_job.py:632} INFO - Processing file /opt/airflow/dags/init.py for tasks to queue
[2022-02-19 08:32:15,488] {logging_mixin.py:104} INFO - [2022-02-19 08:32:15,488] {dagbag.py:496} INFO - Filling up the DagBag from /opt/airflow/dags/init.py
[2022-02-19 08:32:15,528] {scheduler_job.py:642} INFO - DAG(s) dict_keys(['1_init_once_seed_data']) retrieved from /opt/airflow/dags/init.py
[2022-02-19 08:32:15,566] {logging_mixin.py:104} INFO - [2022-02-19 08:32:15,566] {dag.py:1833} INFO - Sync 1 DAGs
[2022-02-19 08:32:15,595] {logging_mixin.py:104} INFO - [2022-02-19 08:32:15,594] {dag.py:2306} INFO - Setting next_dagrun for 1_init_once_seed_data to 2020-08-01T00:00:00+00:00
[2022-02-19 08:32:15,613] {scheduler_job.py:189} INFO - Processing /opt/airflow/dags/init.py took 0.136 seconds
[2022-02-19 08:32:45,708] {scheduler_job.py:181} INFO - Started process (PID=342) to work on /opt/airflow/dags/init.py
[2022-02-19 08:32:45,711] {scheduler_job.py:632} INFO - Processing file /opt/airflow/dags/init.py for tasks to queue
[2022-02-19 08:32:45,713] {logging_mixin.py:104} INFO - [2022-02-19 08:32:45,712] {dagbag.py:496} INFO - Filling up the DagBag from /opt/airflow/dags/init.py
[2022-02-19 08:32:45,737] {scheduler_job.py:642} INFO - DAG(s) dict_keys(['1_init_once_seed_data']) retrieved from /opt/airflow/dags/init.py
[2022-02-19 08:32:45,763] {logging_mixin.py:104} INFO - [2022-02-19 08:32:45,763] {dag.py:1833} INFO - Sync 1 DAGs
[2022-02-19 08:32:45,781] {logging_mixin.py:104} INFO - [2022-02-19 08:32:45,781] {dag.py:2306} INFO - Setting next_dagrun for 1_init_once_seed_data to None
[2022-02-19 08:32:45,792] {scheduler_job.py:189} INFO - Processing /opt/airflow/dags/init.py took 0.088 seconds
[2022-02-19 08:34:14,316] {scheduler_job.py:181} INFO - Started process (PID=49) to work on /opt/airflow/dags/init.py
[2022-02-19 08:34:14,326] {scheduler_job.py:632} INFO - Processing file /opt/airflow/dags/init.py for tasks to queue
[2022-02-19 08:34:14,330] {logging_mixin.py:104} INFO - [2022-02-19 08:34:14,330] {dagbag.py:496} INFO - Filling up the DagBag from /opt/airflow/dags/init.py
[2022-02-19 08:34:14,446] {scheduler_job.py:642} INFO - DAG(s) dict_keys(['1_init_once_seed_data']) retrieved from /opt/airflow/dags/init.py
[2022-02-19 08:34:15,481] {logging_mixin.py:104} INFO - [2022-02-19 08:34:15,480] {dag.py:1833} INFO - Sync 1 DAGs
[2022-02-19 08:34:15,512] {logging_mixin.py:104} INFO - [2022-02-19 08:34:15,512] {dag.py:2306} INFO - Setting next_dagrun for 1_init_once_seed_data to None
[2022-02-19 08:34:15,539] {scheduler_job.py:189} INFO - Processing /opt/airflow/dags/init.py took 1.240 seconds
[2022-02-19 08:34:45,646] {scheduler_job.py:181} INFO - Started process (PID=102) to work on /opt/airflow/dags/init.py
[2022-02-19 08:34:45,648] {scheduler_job.py:632} INFO - Processing file /opt/airflow/dags/init.py for tasks to queue
[2022-02-19 08:34:45,649] {logging_mixin.py:104} INFO - [2022-02-19 08:34:45,649] {dagbag.py:496} INFO - Filling up the DagBag from /opt/airflow/dags/init.py
[2022-02-19 08:34:45,668] {scheduler_job.py:642} INFO - DAG(s) dict_keys(['1_init_once_seed_data']) retrieved from /opt/airflow/dags/init.py
[2022-02-19 08:34:45,693] {logging_mixin.py:104} INFO - [2022-02-19 08:34:45,693] {dag.py:1833} INFO - Sync 1 DAGs
[2022-02-19 08:34:45,710] {logging_mixin.py:104} INFO - [2022-02-19 08:34:45,710] {dag.py:2306} INFO - Setting next_dagrun for 1_init_once_seed_data to None
[2022-02-19 08:34:45,722] {scheduler_job.py:189} INFO - Processing /opt/airflow/dags/init.py took 0.080 seconds
[2022-02-19 08:35:16,114] {scheduler_job.py:181} INFO - Started process (PID=156) to work on /opt/airflow/dags/init.py
[2022-02-19 08:35:16,118] {scheduler_job.py:632} INFO - Processing file /opt/airflow/dags/init.py for tasks to queue
[2022-02-19 08:35:16,119] {logging_mixin.py:104} INFO - [2022-02-19 08:35:16,119] {dagbag.py:496} INFO - Filling up the DagBag from /opt/airflow/dags/init.py
[2022-02-19 08:35:16,148] {scheduler_job.py:642} INFO - DAG(s) dict_keys(['1_init_once_seed_data']) retrieved from /opt/airflow/dags/init.py
[2022-02-19 08:35:16,180] {logging_mixin.py:104} INFO - [2022-02-19 08:35:16,180] {dag.py:1833} INFO - Sync 1 DAGs
[2022-02-19 08:35:16,201] {logging_mixin.py:104} INFO - [2022-02-19 08:35:16,201] {dag.py:2306} INFO - Setting next_dagrun for 1_init_once_seed_data to 2020-08-01T00:00:00+00:00
[2022-02-19 08:35:16,217] {scheduler_job.py:189} INFO - Processing /opt/airflow/dags/init.py took 0.108 seconds
[2022-02-19 08:35:46,601] {scheduler_job.py:181} INFO - Started process (PID=223) to work on /opt/airflow/dags/init.py
[2022-02-19 08:35:46,603] {scheduler_job.py:632} INFO - Processing file /opt/airflow/dags/init.py for tasks to queue
[2022-02-19 08:35:46,605] {logging_mixin.py:104} INFO - [2022-02-19 08:35:46,605] {dagbag.py:496} INFO - Filling up the DagBag from /opt/airflow/dags/init.py
[2022-02-19 08:35:46,629] {scheduler_job.py:642} INFO - DAG(s) dict_keys(['1_init_once_seed_data']) retrieved from /opt/airflow/dags/init.py
[2022-02-19 08:35:46,658] {logging_mixin.py:104} INFO - [2022-02-19 08:35:46,658] {dag.py:1833} INFO - Sync 1 DAGs
[2022-02-19 08:35:46,675] {logging_mixin.py:104} INFO - [2022-02-19 08:35:46,675] {dag.py:2306} INFO - Setting next_dagrun for 1_init_once_seed_data to None
[2022-02-19 08:35:46,685] {scheduler_job.py:189} INFO - Processing /opt/airflow/dags/init.py took 0.089 seconds
[2022-02-19 08:36:17,061] {scheduler_job.py:181} INFO - Started process (PID=277) to work on /opt/airflow/dags/init.py
[2022-02-19 08:36:17,064] {scheduler_job.py:632} INFO - Processing file /opt/airflow/dags/init.py for tasks to queue
[2022-02-19 08:36:17,065] {logging_mixin.py:104} INFO - [2022-02-19 08:36:17,065] {dagbag.py:496} INFO - Filling up the DagBag from /opt/airflow/dags/init.py
[2022-02-19 08:36:17,093] {scheduler_job.py:642} INFO - DAG(s) dict_keys(['1_init_once_seed_data']) retrieved from /opt/airflow/dags/init.py
[2022-02-19 08:36:17,121] {logging_mixin.py:104} INFO - [2022-02-19 08:36:17,121] {dag.py:1833} INFO - Sync 1 DAGs
[2022-02-19 08:36:17,142] {logging_mixin.py:104} INFO - [2022-02-19 08:36:17,142] {dag.py:2306} INFO - Setting next_dagrun for 1_init_once_seed_data to None
[2022-02-19 08:36:17,156] {scheduler_job.py:189} INFO - Processing /opt/airflow/dags/init.py took 0.098 seconds
[2022-02-19 08:36:47,724] {scheduler_job.py:181} INFO - Started process (PID=343) to work on /opt/airflow/dags/init.py
[2022-02-19 08:36:47,726] {scheduler_job.py:632} INFO - Processing file /opt/airflow/dags/init.py for tasks to queue
[2022-02-19 08:36:47,728] {logging_mixin.py:104} INFO - [2022-02-19 08:36:47,728] {dagbag.py:496} INFO - Filling up the DagBag from /opt/airflow/dags/init.py
[2022-02-19 08:36:47,754] {scheduler_job.py:642} INFO - DAG(s) dict_keys(['1_init_once_seed_data']) retrieved from /opt/airflow/dags/init.py
[2022-02-19 08:36:47,785] {logging_mixin.py:104} INFO - [2022-02-19 08:36:47,785] {dag.py:1833} INFO - Sync 1 DAGs
[2022-02-19 08:36:47,805] {logging_mixin.py:104} INFO - [2022-02-19 08:36:47,805] {dag.py:2306} INFO - Setting next_dagrun for 1_init_once_seed_data to None
[2022-02-19 08:36:47,818] {scheduler_job.py:189} INFO - Processing /opt/airflow/dags/init.py took 0.098 seconds
[2022-02-19 08:37:18,330] {scheduler_job.py:181} INFO - Started process (PID=398) to work on /opt/airflow/dags/init.py
[2022-02-19 08:37:18,332] {scheduler_job.py:632} INFO - Processing file /opt/airflow/dags/init.py for tasks to queue
[2022-02-19 08:37:18,334] {logging_mixin.py:104} INFO - [2022-02-19 08:37:18,333] {dagbag.py:496} INFO - Filling up the DagBag from /opt/airflow/dags/init.py
[2022-02-19 08:37:18,363] {scheduler_job.py:642} INFO - DAG(s) dict_keys(['1_init_once_seed_data']) retrieved from /opt/airflow/dags/init.py
[2022-02-19 08:37:18,398] {logging_mixin.py:104} INFO - [2022-02-19 08:37:18,398] {dag.py:1833} INFO - Sync 1 DAGs
[2022-02-19 08:37:18,420] {logging_mixin.py:104} INFO - [2022-02-19 08:37:18,419] {dag.py:2306} INFO - Setting next_dagrun for 1_init_once_seed_data to 2020-08-01T00:00:00+00:00
[2022-02-19 08:37:18,432] {scheduler_job.py:189} INFO - Processing /opt/airflow/dags/init.py took 0.107 seconds
[2022-02-19 08:37:48,786] {scheduler_job.py:181} INFO - Started process (PID=464) to work on /opt/airflow/dags/init.py
[2022-02-19 08:37:48,788] {scheduler_job.py:632} INFO - Processing file /opt/airflow/dags/init.py for tasks to queue
[2022-02-19 08:37:48,790] {logging_mixin.py:104} INFO - [2022-02-19 08:37:48,790] {dagbag.py:496} INFO - Filling up the DagBag from /opt/airflow/dags/init.py
[2022-02-19 08:37:48,818] {scheduler_job.py:642} INFO - DAG(s) dict_keys(['1_init_once_seed_data']) retrieved from /opt/airflow/dags/init.py
[2022-02-19 08:37:48,845] {logging_mixin.py:104} INFO - [2022-02-19 08:37:48,844] {dag.py:1833} INFO - Sync 1 DAGs
[2022-02-19 08:37:48,862] {logging_mixin.py:104} INFO - [2022-02-19 08:37:48,862] {dag.py:2306} INFO - Setting next_dagrun for 1_init_once_seed_data to None
[2022-02-19 08:37:48,874] {scheduler_job.py:189} INFO - Processing /opt/airflow/dags/init.py took 0.092 seconds
[2022-02-19 08:38:19,618] {scheduler_job.py:181} INFO - Started process (PID=517) to work on /opt/airflow/dags/init.py
[2022-02-19 08:38:19,620] {scheduler_job.py:632} INFO - Processing file /opt/airflow/dags/init.py for tasks to queue
[2022-02-19 08:38:19,622] {logging_mixin.py:104} INFO - [2022-02-19 08:38:19,622] {dagbag.py:496} INFO - Filling up the DagBag from /opt/airflow/dags/init.py
[2022-02-19 08:38:19,648] {scheduler_job.py:642} INFO - DAG(s) dict_keys(['1_init_once_seed_data']) retrieved from /opt/airflow/dags/init.py
[2022-02-19 08:38:19,675] {logging_mixin.py:104} INFO - [2022-02-19 08:38:19,675] {dag.py:1833} INFO - Sync 1 DAGs
[2022-02-19 08:38:19,700] {logging_mixin.py:104} INFO - [2022-02-19 08:38:19,700] {dag.py:2306} INFO - Setting next_dagrun for 1_init_once_seed_data to None
[2022-02-19 08:38:19,715] {scheduler_job.py:189} INFO - Processing /opt/airflow/dags/init.py took 0.101 seconds
[2022-02-19 08:38:50,265] {scheduler_job.py:181} INFO - Started process (PID=582) to work on /opt/airflow/dags/init.py
[2022-02-19 08:38:50,268] {scheduler_job.py:632} INFO - Processing file /opt/airflow/dags/init.py for tasks to queue
[2022-02-19 08:38:50,269] {logging_mixin.py:104} INFO - [2022-02-19 08:38:50,269] {dagbag.py:496} INFO - Filling up the DagBag from /opt/airflow/dags/init.py
[2022-02-19 08:38:50,296] {scheduler_job.py:642} INFO - DAG(s) dict_keys(['1_init_once_seed_data']) retrieved from /opt/airflow/dags/init.py
[2022-02-19 08:38:50,322] {logging_mixin.py:104} INFO - [2022-02-19 08:38:50,322] {dag.py:1833} INFO - Sync 1 DAGs
[2022-02-19 08:38:50,341] {logging_mixin.py:104} INFO - [2022-02-19 08:38:50,341] {dag.py:2306} INFO - Setting next_dagrun for 1_init_once_seed_data to None
[2022-02-19 08:38:50,353] {scheduler_job.py:189} INFO - Processing /opt/airflow/dags/init.py took 0.092 seconds
[2022-02-19 08:39:21,141] {scheduler_job.py:181} INFO - Started process (PID=636) to work on /opt/airflow/dags/init.py
[2022-02-19 08:39:21,143] {scheduler_job.py:632} INFO - Processing file /opt/airflow/dags/init.py for tasks to queue
[2022-02-19 08:39:21,145] {logging_mixin.py:104} INFO - [2022-02-19 08:39:21,145] {dagbag.py:496} INFO - Filling up the DagBag from /opt/airflow/dags/init.py
[2022-02-19 08:39:21,170] {scheduler_job.py:642} INFO - DAG(s) dict_keys(['1_init_once_seed_data']) retrieved from /opt/airflow/dags/init.py
[2022-02-19 08:39:21,196] {logging_mixin.py:104} INFO - [2022-02-19 08:39:21,195] {dag.py:1833} INFO - Sync 1 DAGs
[2022-02-19 08:39:21,216] {logging_mixin.py:104} INFO - [2022-02-19 08:39:21,216] {dag.py:2306} INFO - Setting next_dagrun for 1_init_once_seed_data to None
[2022-02-19 08:39:21,228] {scheduler_job.py:189} INFO - Processing /opt/airflow/dags/init.py took 0.091 seconds
[2022-02-19 08:39:51,804] {scheduler_job.py:181} INFO - Started process (PID=702) to work on /opt/airflow/dags/init.py
[2022-02-19 08:39:51,807] {scheduler_job.py:632} INFO - Processing file /opt/airflow/dags/init.py for tasks to queue
[2022-02-19 08:39:51,809] {logging_mixin.py:104} INFO - [2022-02-19 08:39:51,809] {dagbag.py:496} INFO - Filling up the DagBag from /opt/airflow/dags/init.py
[2022-02-19 08:39:51,836] {scheduler_job.py:642} INFO - DAG(s) dict_keys(['1_init_once_seed_data']) retrieved from /opt/airflow/dags/init.py
[2022-02-19 08:39:51,867] {logging_mixin.py:104} INFO - [2022-02-19 08:39:51,866] {dag.py:1833} INFO - Sync 1 DAGs
[2022-02-19 08:39:51,890] {logging_mixin.py:104} INFO - [2022-02-19 08:39:51,890] {dag.py:2306} INFO - Setting next_dagrun for 1_init_once_seed_data to None
[2022-02-19 08:39:51,905] {scheduler_job.py:189} INFO - Processing /opt/airflow/dags/init.py took 0.105 seconds
[2022-02-19 08:40:22,544] {scheduler_job.py:181} INFO - Started process (PID=756) to work on /opt/airflow/dags/init.py
[2022-02-19 08:40:22,547] {scheduler_job.py:632} INFO - Processing file /opt/airflow/dags/init.py for tasks to queue
[2022-02-19 08:40:22,549] {logging_mixin.py:104} INFO - [2022-02-19 08:40:22,549] {dagbag.py:496} INFO - Filling up the DagBag from /opt/airflow/dags/init.py
[2022-02-19 08:40:22,575] {scheduler_job.py:642} INFO - DAG(s) dict_keys(['1_init_once_seed_data']) retrieved from /opt/airflow/dags/init.py
[2022-02-19 08:40:22,603] {logging_mixin.py:104} INFO - [2022-02-19 08:40:22,603] {dag.py:1833} INFO - Sync 1 DAGs
[2022-02-19 08:40:22,626] {logging_mixin.py:104} INFO - [2022-02-19 08:40:22,626] {dag.py:2306} INFO - Setting next_dagrun for 1_init_once_seed_data to None
[2022-02-19 08:40:22,636] {scheduler_job.py:189} INFO - Processing /opt/airflow/dags/init.py took 0.097 seconds
[2022-02-19 08:40:53,337] {scheduler_job.py:181} INFO - Started process (PID=821) to work on /opt/airflow/dags/init.py
[2022-02-19 08:40:53,339] {scheduler_job.py:632} INFO - Processing file /opt/airflow/dags/init.py for tasks to queue
[2022-02-19 08:40:53,341] {logging_mixin.py:104} INFO - [2022-02-19 08:40:53,340] {dagbag.py:496} INFO - Filling up the DagBag from /opt/airflow/dags/init.py
[2022-02-19 08:40:53,367] {scheduler_job.py:642} INFO - DAG(s) dict_keys(['1_init_once_seed_data']) retrieved from /opt/airflow/dags/init.py
[2022-02-19 08:40:53,397] {logging_mixin.py:104} INFO - [2022-02-19 08:40:53,397] {dag.py:1833} INFO - Sync 1 DAGs
[2022-02-19 08:40:53,420] {logging_mixin.py:104} INFO - [2022-02-19 08:40:53,420] {dag.py:2306} INFO - Setting next_dagrun for 1_init_once_seed_data to None
[2022-02-19 08:40:53,433] {scheduler_job.py:189} INFO - Processing /opt/airflow/dags/init.py took 0.102 seconds
[2022-02-19 08:41:23,876] {scheduler_job.py:181} INFO - Started process (PID=875) to work on /opt/airflow/dags/init.py
[2022-02-19 08:41:23,880] {scheduler_job.py:632} INFO - Processing file /opt/airflow/dags/init.py for tasks to queue
[2022-02-19 08:41:23,882] {logging_mixin.py:104} INFO - [2022-02-19 08:41:23,882] {dagbag.py:496} INFO - Filling up the DagBag from /opt/airflow/dags/init.py
[2022-02-19 08:41:23,911] {scheduler_job.py:642} INFO - DAG(s) dict_keys(['1_init_once_seed_data']) retrieved from /opt/airflow/dags/init.py
[2022-02-19 08:41:23,939] {logging_mixin.py:104} INFO - [2022-02-19 08:41:23,939] {dag.py:1833} INFO - Sync 1 DAGs
[2022-02-19 08:41:23,961] {logging_mixin.py:104} INFO - [2022-02-19 08:41:23,960] {dag.py:2306} INFO - Setting next_dagrun for 1_init_once_seed_data to None
[2022-02-19 08:41:23,973] {scheduler_job.py:189} INFO - Processing /opt/airflow/dags/init.py took 0.101 seconds
[2022-02-19 08:41:54,476] {scheduler_job.py:181} INFO - Started process (PID=939) to work on /opt/airflow/dags/init.py
[2022-02-19 08:41:54,478] {scheduler_job.py:632} INFO - Processing file /opt/airflow/dags/init.py for tasks to queue
[2022-02-19 08:41:54,480] {logging_mixin.py:104} INFO - [2022-02-19 08:41:54,480] {dagbag.py:496} INFO - Filling up the DagBag from /opt/airflow/dags/init.py
[2022-02-19 08:41:54,504] {scheduler_job.py:642} INFO - DAG(s) dict_keys(['1_init_once_seed_data']) retrieved from /opt/airflow/dags/init.py
[2022-02-19 08:41:54,530] {logging_mixin.py:104} INFO - [2022-02-19 08:41:54,530] {dag.py:1833} INFO - Sync 1 DAGs
[2022-02-19 08:41:54,549] {logging_mixin.py:104} INFO - [2022-02-19 08:41:54,549] {dag.py:2306} INFO - Setting next_dagrun for 1_init_once_seed_data to None
[2022-02-19 08:41:54,561] {scheduler_job.py:189} INFO - Processing /opt/airflow/dags/init.py took 0.091 seconds
[2022-02-19 08:42:25,179] {scheduler_job.py:181} INFO - Started process (PID=992) to work on /opt/airflow/dags/init.py
[2022-02-19 08:42:25,181] {scheduler_job.py:632} INFO - Processing file /opt/airflow/dags/init.py for tasks to queue
[2022-02-19 08:42:25,183] {logging_mixin.py:104} INFO - [2022-02-19 08:42:25,183] {dagbag.py:496} INFO - Filling up the DagBag from /opt/airflow/dags/init.py
[2022-02-19 08:42:25,222] {scheduler_job.py:642} INFO - DAG(s) dict_keys(['1_init_once_seed_data']) retrieved from /opt/airflow/dags/init.py
[2022-02-19 08:42:25,268] {logging_mixin.py:104} INFO - [2022-02-19 08:42:25,267] {dag.py:1833} INFO - Sync 1 DAGs
[2022-02-19 08:42:25,303] {logging_mixin.py:104} INFO - [2022-02-19 08:42:25,303] {dag.py:2306} INFO - Setting next_dagrun for 1_init_once_seed_data to None
[2022-02-19 08:42:25,320] {scheduler_job.py:189} INFO - Processing /opt/airflow/dags/init.py took 0.146 seconds
[2022-02-19 08:42:55,594] {scheduler_job.py:181} INFO - Started process (PID=1057) to work on /opt/airflow/dags/init.py
[2022-02-19 08:42:55,597] {scheduler_job.py:632} INFO - Processing file /opt/airflow/dags/init.py for tasks to queue
[2022-02-19 08:42:55,599] {logging_mixin.py:104} INFO - [2022-02-19 08:42:55,598] {dagbag.py:496} INFO - Filling up the DagBag from /opt/airflow/dags/init.py
[2022-02-19 08:42:55,626] {scheduler_job.py:642} INFO - DAG(s) dict_keys(['1_init_once_seed_data']) retrieved from /opt/airflow/dags/init.py
[2022-02-19 08:42:55,659] {logging_mixin.py:104} INFO - [2022-02-19 08:42:55,659] {dag.py:1833} INFO - Sync 1 DAGs
[2022-02-19 08:42:55,678] {logging_mixin.py:104} INFO - [2022-02-19 08:42:55,678] {dag.py:2306} INFO - Setting next_dagrun for 1_init_once_seed_data to None
[2022-02-19 08:42:55,700] {scheduler_job.py:189} INFO - Processing /opt/airflow/dags/init.py took 0.111 seconds
[2022-02-19 08:44:47,938] {scheduler_job.py:181} INFO - Started process (PID=49) to work on /opt/airflow/dags/init.py
[2022-02-19 08:44:47,941] {scheduler_job.py:632} INFO - Processing file /opt/airflow/dags/init.py for tasks to queue
[2022-02-19 08:44:47,946] {logging_mixin.py:104} INFO - [2022-02-19 08:44:47,945] {dagbag.py:496} INFO - Filling up the DagBag from /opt/airflow/dags/init.py
[2022-02-19 08:44:48,044] {scheduler_job.py:642} INFO - DAG(s) dict_keys(['1_init_once_seed_data']) retrieved from /opt/airflow/dags/init.py
[2022-02-19 08:44:48,866] {logging_mixin.py:104} INFO - [2022-02-19 08:44:48,866] {dag.py:1833} INFO - Sync 1 DAGs
[2022-02-19 08:44:48,897] {logging_mixin.py:104} INFO - [2022-02-19 08:44:48,897] {dag.py:2306} INFO - Setting next_dagrun for 1_init_once_seed_data to None
[2022-02-19 08:44:48,920] {scheduler_job.py:189} INFO - Processing /opt/airflow/dags/init.py took 0.991 seconds
[2022-02-19 08:45:19,013] {scheduler_job.py:181} INFO - Started process (PID=105) to work on /opt/airflow/dags/init.py
[2022-02-19 08:45:19,017] {scheduler_job.py:632} INFO - Processing file /opt/airflow/dags/init.py for tasks to queue
[2022-02-19 08:45:19,019] {logging_mixin.py:104} INFO - [2022-02-19 08:45:19,019] {dagbag.py:496} INFO - Filling up the DagBag from /opt/airflow/dags/init.py
[2022-02-19 08:45:19,047] {scheduler_job.py:642} INFO - DAG(s) dict_keys(['1_init_once_seed_data']) retrieved from /opt/airflow/dags/init.py
[2022-02-19 08:45:19,075] {logging_mixin.py:104} INFO - [2022-02-19 08:45:19,075] {dag.py:1833} INFO - Sync 1 DAGs
[2022-02-19 08:45:19,095] {logging_mixin.py:104} INFO - [2022-02-19 08:45:19,095] {dag.py:2306} INFO - Setting next_dagrun for 1_init_once_seed_data to None
[2022-02-19 08:45:19,107] {scheduler_job.py:189} INFO - Processing /opt/airflow/dags/init.py took 0.100 seconds
[2022-02-19 08:45:49,735] {scheduler_job.py:181} INFO - Started process (PID=170) to work on /opt/airflow/dags/init.py
[2022-02-19 08:45:49,738] {scheduler_job.py:632} INFO - Processing file /opt/airflow/dags/init.py for tasks to queue
[2022-02-19 08:45:49,740] {logging_mixin.py:104} INFO - [2022-02-19 08:45:49,739] {dagbag.py:496} INFO - Filling up the DagBag from /opt/airflow/dags/init.py
[2022-02-19 08:45:49,770] {scheduler_job.py:642} INFO - DAG(s) dict_keys(['1_init_once_seed_data']) retrieved from /opt/airflow/dags/init.py
[2022-02-19 08:45:49,802] {logging_mixin.py:104} INFO - [2022-02-19 08:45:49,802] {dag.py:1833} INFO - Sync 1 DAGs
[2022-02-19 08:45:49,826] {logging_mixin.py:104} INFO - [2022-02-19 08:45:49,826] {dag.py:2306} INFO - Setting next_dagrun for 1_init_once_seed_data to 2020-08-01T00:00:00+00:00
[2022-02-19 08:45:49,842] {scheduler_job.py:189} INFO - Processing /opt/airflow/dags/init.py took 0.113 seconds
[2022-02-19 08:46:20,000] {scheduler_job.py:181} INFO - Started process (PID=223) to work on /opt/airflow/dags/init.py
[2022-02-19 08:46:20,002] {scheduler_job.py:632} INFO - Processing file /opt/airflow/dags/init.py for tasks to queue
[2022-02-19 08:46:20,005] {logging_mixin.py:104} INFO - [2022-02-19 08:46:20,005] {dagbag.py:496} INFO - Filling up the DagBag from /opt/airflow/dags/init.py
[2022-02-19 08:46:20,034] {scheduler_job.py:642} INFO - DAG(s) dict_keys(['1_init_once_seed_data']) retrieved from /opt/airflow/dags/init.py
[2022-02-19 08:46:20,066] {logging_mixin.py:104} INFO - [2022-02-19 08:46:20,066] {dag.py:1833} INFO - Sync 1 DAGs
[2022-02-19 08:46:20,088] {logging_mixin.py:104} INFO - [2022-02-19 08:46:20,088] {dag.py:2306} INFO - Setting next_dagrun for 1_init_once_seed_data to None
[2022-02-19 08:46:20,100] {scheduler_job.py:189} INFO - Processing /opt/airflow/dags/init.py took 0.105 seconds
[2022-02-19 08:46:51,012] {scheduler_job.py:181} INFO - Started process (PID=291) to work on /opt/airflow/dags/init.py
[2022-02-19 08:46:51,015] {scheduler_job.py:632} INFO - Processing file /opt/airflow/dags/init.py for tasks to queue
[2022-02-19 08:46:51,017] {logging_mixin.py:104} INFO - [2022-02-19 08:46:51,017] {dagbag.py:496} INFO - Filling up the DagBag from /opt/airflow/dags/init.py
[2022-02-19 08:46:51,043] {scheduler_job.py:642} INFO - DAG(s) dict_keys(['1_init_once_seed_data']) retrieved from /opt/airflow/dags/init.py
[2022-02-19 08:46:51,068] {logging_mixin.py:104} INFO - [2022-02-19 08:46:51,068] {dag.py:1833} INFO - Sync 1 DAGs
[2022-02-19 08:46:51,086] {logging_mixin.py:104} INFO - [2022-02-19 08:46:51,086] {dag.py:2306} INFO - Setting next_dagrun for 1_init_once_seed_data to None
[2022-02-19 08:46:51,098] {scheduler_job.py:189} INFO - Processing /opt/airflow/dags/init.py took 0.089 seconds
[2022-02-19 08:47:21,604] {scheduler_job.py:181} INFO - Started process (PID=347) to work on /opt/airflow/dags/init.py
[2022-02-19 08:47:21,607] {scheduler_job.py:632} INFO - Processing file /opt/airflow/dags/init.py for tasks to queue
[2022-02-19 08:47:21,609] {logging_mixin.py:104} INFO - [2022-02-19 08:47:21,608] {dagbag.py:496} INFO - Filling up the DagBag from /opt/airflow/dags/init.py
[2022-02-19 08:47:21,634] {scheduler_job.py:642} INFO - DAG(s) dict_keys(['1_init_once_seed_data']) retrieved from /opt/airflow/dags/init.py
[2022-02-19 08:47:21,664] {logging_mixin.py:104} INFO - [2022-02-19 08:47:21,664] {dag.py:1833} INFO - Sync 1 DAGs
[2022-02-19 08:47:21,685] {logging_mixin.py:104} INFO - [2022-02-19 08:47:21,685] {dag.py:2306} INFO - Setting next_dagrun for 1_init_once_seed_data to None
[2022-02-19 08:47:21,697] {scheduler_job.py:189} INFO - Processing /opt/airflow/dags/init.py took 0.098 seconds
[2022-02-19 08:55:52,920] {scheduler_job.py:181} INFO - Started process (PID=48) to work on /opt/airflow/dags/init.py
[2022-02-19 08:55:52,925] {scheduler_job.py:632} INFO - Processing file /opt/airflow/dags/init.py for tasks to queue
[2022-02-19 08:55:52,927] {logging_mixin.py:104} INFO - [2022-02-19 08:55:52,927] {dagbag.py:496} INFO - Filling up the DagBag from /opt/airflow/dags/init.py
[2022-02-19 08:55:52,998] {scheduler_job.py:642} INFO - DAG(s) dict_keys(['1_init_once_seed_data']) retrieved from /opt/airflow/dags/init.py
[2022-02-19 08:55:53,696] {logging_mixin.py:104} INFO - [2022-02-19 08:55:53,696] {dag.py:1833} INFO - Sync 1 DAGs
[2022-02-19 08:55:53,737] {logging_mixin.py:104} INFO - [2022-02-19 08:55:53,737] {dag.py:2306} INFO - Setting next_dagrun for 1_init_once_seed_data to None
[2022-02-19 08:55:53,759] {scheduler_job.py:189} INFO - Processing /opt/airflow/dags/init.py took 0.853 seconds
[2022-02-19 08:56:24,011] {scheduler_job.py:181} INFO - Started process (PID=102) to work on /opt/airflow/dags/init.py
[2022-02-19 08:56:24,016] {scheduler_job.py:632} INFO - Processing file /opt/airflow/dags/init.py for tasks to queue
[2022-02-19 08:56:24,019] {logging_mixin.py:104} INFO - [2022-02-19 08:56:24,019] {dagbag.py:496} INFO - Filling up the DagBag from /opt/airflow/dags/init.py
[2022-02-19 08:56:24,054] {scheduler_job.py:642} INFO - DAG(s) dict_keys(['1_init_once_seed_data']) retrieved from /opt/airflow/dags/init.py
[2022-02-19 08:56:24,085] {logging_mixin.py:104} INFO - [2022-02-19 08:56:24,085] {dag.py:1833} INFO - Sync 1 DAGs
[2022-02-19 08:56:24,107] {logging_mixin.py:104} INFO - [2022-02-19 08:56:24,107] {dag.py:2306} INFO - Setting next_dagrun for 1_init_once_seed_data to None
[2022-02-19 08:56:24,151] {scheduler_job.py:189} INFO - Processing /opt/airflow/dags/init.py took 0.146 seconds
[2022-02-19 08:56:54,431] {scheduler_job.py:181} INFO - Started process (PID=156) to work on /opt/airflow/dags/init.py
[2022-02-19 08:56:54,434] {scheduler_job.py:632} INFO - Processing file /opt/airflow/dags/init.py for tasks to queue
[2022-02-19 08:56:54,436] {logging_mixin.py:104} INFO - [2022-02-19 08:56:54,436] {dagbag.py:496} INFO - Filling up the DagBag from /opt/airflow/dags/init.py
[2022-02-19 08:56:54,466] {scheduler_job.py:642} INFO - DAG(s) dict_keys(['1_init_once_seed_data']) retrieved from /opt/airflow/dags/init.py
[2022-02-19 08:56:54,500] {logging_mixin.py:104} INFO - [2022-02-19 08:56:54,500] {dag.py:1833} INFO - Sync 1 DAGs
[2022-02-19 08:56:54,544] {logging_mixin.py:104} INFO - [2022-02-19 08:56:54,543] {dag.py:2306} INFO - Setting next_dagrun for 1_init_once_seed_data to 2020-08-01T00:00:00+00:00
[2022-02-19 08:56:54,579] {scheduler_job.py:189} INFO - Processing /opt/airflow/dags/init.py took 0.153 seconds
[2022-02-19 08:57:24,977] {scheduler_job.py:181} INFO - Started process (PID=225) to work on /opt/airflow/dags/init.py
[2022-02-19 08:57:24,979] {scheduler_job.py:632} INFO - Processing file /opt/airflow/dags/init.py for tasks to queue
[2022-02-19 08:57:24,981] {logging_mixin.py:104} INFO - [2022-02-19 08:57:24,981] {dagbag.py:496} INFO - Filling up the DagBag from /opt/airflow/dags/init.py
[2022-02-19 08:57:25,007] {scheduler_job.py:642} INFO - DAG(s) dict_keys(['1_init_once_seed_data']) retrieved from /opt/airflow/dags/init.py
[2022-02-19 08:57:25,033] {logging_mixin.py:104} INFO - [2022-02-19 08:57:25,032] {dag.py:1833} INFO - Sync 1 DAGs
[2022-02-19 08:57:25,062] {logging_mixin.py:104} INFO - [2022-02-19 08:57:25,061] {dag.py:2306} INFO - Setting next_dagrun for 1_init_once_seed_data to None
[2022-02-19 08:57:25,082] {scheduler_job.py:189} INFO - Processing /opt/airflow/dags/init.py took 0.109 seconds
[2022-02-19 08:57:55,754] {scheduler_job.py:181} INFO - Started process (PID=280) to work on /opt/airflow/dags/init.py
[2022-02-19 08:57:55,757] {scheduler_job.py:632} INFO - Processing file /opt/airflow/dags/init.py for tasks to queue
[2022-02-19 08:57:55,759] {logging_mixin.py:104} INFO - [2022-02-19 08:57:55,758] {dagbag.py:496} INFO - Filling up the DagBag from /opt/airflow/dags/init.py
[2022-02-19 08:57:55,787] {scheduler_job.py:642} INFO - DAG(s) dict_keys(['1_init_once_seed_data']) retrieved from /opt/airflow/dags/init.py
[2022-02-19 08:57:55,823] {logging_mixin.py:104} INFO - [2022-02-19 08:57:55,823] {dag.py:1833} INFO - Sync 1 DAGs
[2022-02-19 08:57:55,842] {logging_mixin.py:104} INFO - [2022-02-19 08:57:55,842] {dag.py:2306} INFO - Setting next_dagrun for 1_init_once_seed_data to None
[2022-02-19 08:57:55,855] {scheduler_job.py:189} INFO - Processing /opt/airflow/dags/init.py took 0.105 seconds
[2022-02-19 08:58:26,441] {scheduler_job.py:181} INFO - Started process (PID=345) to work on /opt/airflow/dags/init.py
[2022-02-19 08:58:26,443] {scheduler_job.py:632} INFO - Processing file /opt/airflow/dags/init.py for tasks to queue
[2022-02-19 08:58:26,445] {logging_mixin.py:104} INFO - [2022-02-19 08:58:26,444] {dagbag.py:496} INFO - Filling up the DagBag from /opt/airflow/dags/init.py
[2022-02-19 08:58:26,470] {scheduler_job.py:642} INFO - DAG(s) dict_keys(['1_init_once_seed_data']) retrieved from /opt/airflow/dags/init.py
[2022-02-19 08:58:26,501] {logging_mixin.py:104} INFO - [2022-02-19 08:58:26,501] {dag.py:1833} INFO - Sync 1 DAGs
[2022-02-19 08:58:26,520] {logging_mixin.py:104} INFO - [2022-02-19 08:58:26,520] {dag.py:2306} INFO - Setting next_dagrun for 1_init_once_seed_data to None
[2022-02-19 08:58:26,532] {scheduler_job.py:189} INFO - Processing /opt/airflow/dags/init.py took 0.095 seconds
[2022-02-19 08:58:56,965] {scheduler_job.py:181} INFO - Started process (PID=399) to work on /opt/airflow/dags/init.py
[2022-02-19 08:58:56,967] {scheduler_job.py:632} INFO - Processing file /opt/airflow/dags/init.py for tasks to queue
[2022-02-19 08:58:56,969] {logging_mixin.py:104} INFO - [2022-02-19 08:58:56,969] {dagbag.py:496} INFO - Filling up the DagBag from /opt/airflow/dags/init.py
[2022-02-19 08:58:56,999] {scheduler_job.py:642} INFO - DAG(s) dict_keys(['1_init_once_seed_data']) retrieved from /opt/airflow/dags/init.py
[2022-02-19 08:58:57,028] {logging_mixin.py:104} INFO - [2022-02-19 08:58:57,027] {dag.py:1833} INFO - Sync 1 DAGs
[2022-02-19 08:58:57,047] {logging_mixin.py:104} INFO - [2022-02-19 08:58:57,047] {dag.py:2306} INFO - Setting next_dagrun for 1_init_once_seed_data to None
[2022-02-19 08:58:57,059] {scheduler_job.py:189} INFO - Processing /opt/airflow/dags/init.py took 0.099 seconds
[2022-02-19 08:59:27,781] {scheduler_job.py:181} INFO - Started process (PID=464) to work on /opt/airflow/dags/init.py
[2022-02-19 08:59:27,783] {scheduler_job.py:632} INFO - Processing file /opt/airflow/dags/init.py for tasks to queue
[2022-02-19 08:59:27,786] {logging_mixin.py:104} INFO - [2022-02-19 08:59:27,785] {dagbag.py:496} INFO - Filling up the DagBag from /opt/airflow/dags/init.py
[2022-02-19 08:59:27,815] {scheduler_job.py:642} INFO - DAG(s) dict_keys(['1_init_once_seed_data']) retrieved from /opt/airflow/dags/init.py
[2022-02-19 08:59:27,844] {logging_mixin.py:104} INFO - [2022-02-19 08:59:27,844] {dag.py:1833} INFO - Sync 1 DAGs
[2022-02-19 08:59:27,866] {logging_mixin.py:104} INFO - [2022-02-19 08:59:27,866] {dag.py:2306} INFO - Setting next_dagrun for 1_init_once_seed_data to None
[2022-02-19 08:59:27,883] {scheduler_job.py:189} INFO - Processing /opt/airflow/dags/init.py took 0.106 seconds
[2022-02-19 08:59:58,594] {scheduler_job.py:181} INFO - Started process (PID=518) to work on /opt/airflow/dags/init.py
[2022-02-19 08:59:58,596] {scheduler_job.py:632} INFO - Processing file /opt/airflow/dags/init.py for tasks to queue
[2022-02-19 08:59:58,598] {logging_mixin.py:104} INFO - [2022-02-19 08:59:58,598] {dagbag.py:496} INFO - Filling up the DagBag from /opt/airflow/dags/init.py
[2022-02-19 08:59:58,625] {scheduler_job.py:642} INFO - DAG(s) dict_keys(['1_init_once_seed_data']) retrieved from /opt/airflow/dags/init.py
[2022-02-19 08:59:58,664] {logging_mixin.py:104} INFO - [2022-02-19 08:59:58,664] {dag.py:1833} INFO - Sync 1 DAGs
[2022-02-19 08:59:58,687] {logging_mixin.py:104} INFO - [2022-02-19 08:59:58,687] {dag.py:2306} INFO - Setting next_dagrun for 1_init_once_seed_data to None
[2022-02-19 08:59:58,698] {scheduler_job.py:189} INFO - Processing /opt/airflow/dags/init.py took 0.109 seconds
[2022-02-19 09:02:21,800] {scheduler_job.py:181} INFO - Started process (PID=48) to work on /opt/airflow/dags/init.py
[2022-02-19 09:02:21,803] {scheduler_job.py:632} INFO - Processing file /opt/airflow/dags/init.py for tasks to queue
[2022-02-19 09:02:21,807] {logging_mixin.py:104} INFO - [2022-02-19 09:02:21,806] {dagbag.py:496} INFO - Filling up the DagBag from /opt/airflow/dags/init.py
[2022-02-19 09:02:21,913] {scheduler_job.py:642} INFO - DAG(s) dict_keys(['1_init_once_seed_data']) retrieved from /opt/airflow/dags/init.py
[2022-02-19 09:02:22,722] {logging_mixin.py:104} INFO - [2022-02-19 09:02:22,722] {dag.py:1833} INFO - Sync 1 DAGs
[2022-02-19 09:02:22,742] {logging_mixin.py:104} INFO - [2022-02-19 09:02:22,742] {dag.py:2306} INFO - Setting next_dagrun for 1_init_once_seed_data to None
[2022-02-19 09:02:22,758] {scheduler_job.py:189} INFO - Processing /opt/airflow/dags/init.py took 0.963 seconds
[2022-02-19 09:02:52,878] {scheduler_job.py:181} INFO - Started process (PID=103) to work on /opt/airflow/dags/init.py
[2022-02-19 09:02:52,882] {scheduler_job.py:632} INFO - Processing file /opt/airflow/dags/init.py for tasks to queue
[2022-02-19 09:02:52,884] {logging_mixin.py:104} INFO - [2022-02-19 09:02:52,884] {dagbag.py:496} INFO - Filling up the DagBag from /opt/airflow/dags/init.py
[2022-02-19 09:02:52,919] {scheduler_job.py:642} INFO - DAG(s) dict_keys(['1_init_once_seed_data']) retrieved from /opt/airflow/dags/init.py
[2022-02-19 09:02:52,952] {logging_mixin.py:104} INFO - [2022-02-19 09:02:52,951] {dag.py:1833} INFO - Sync 1 DAGs
[2022-02-19 09:02:52,973] {logging_mixin.py:104} INFO - [2022-02-19 09:02:52,973] {dag.py:2306} INFO - Setting next_dagrun for 1_init_once_seed_data to None
[2022-02-19 09:02:52,986] {scheduler_job.py:189} INFO - Processing /opt/airflow/dags/init.py took 0.113 seconds
[2022-02-19 09:03:23,067] {scheduler_job.py:181} INFO - Started process (PID=169) to work on /opt/airflow/dags/init.py
[2022-02-19 09:03:23,070] {scheduler_job.py:632} INFO - Processing file /opt/airflow/dags/init.py for tasks to queue
[2022-02-19 09:03:23,071] {logging_mixin.py:104} INFO - [2022-02-19 09:03:23,071] {dagbag.py:496} INFO - Filling up the DagBag from /opt/airflow/dags/init.py
[2022-02-19 09:03:23,103] {scheduler_job.py:642} INFO - DAG(s) dict_keys(['1_init_once_seed_data']) retrieved from /opt/airflow/dags/init.py
[2022-02-19 09:03:23,136] {logging_mixin.py:104} INFO - [2022-02-19 09:03:23,135] {dag.py:1833} INFO - Sync 1 DAGs
[2022-02-19 09:03:23,156] {logging_mixin.py:104} INFO - [2022-02-19 09:03:23,156] {dag.py:2306} INFO - Setting next_dagrun for 1_init_once_seed_data to None
[2022-02-19 09:03:23,170] {scheduler_job.py:189} INFO - Processing /opt/airflow/dags/init.py took 0.109 seconds
[2022-02-19 09:03:54,095] {scheduler_job.py:181} INFO - Started process (PID=224) to work on /opt/airflow/dags/init.py
[2022-02-19 09:03:54,097] {scheduler_job.py:632} INFO - Processing file /opt/airflow/dags/init.py for tasks to queue
[2022-02-19 09:03:54,099] {logging_mixin.py:104} INFO - [2022-02-19 09:03:54,099] {dagbag.py:496} INFO - Filling up the DagBag from /opt/airflow/dags/init.py
[2022-02-19 09:03:54,129] {scheduler_job.py:642} INFO - DAG(s) dict_keys(['1_init_once_seed_data']) retrieved from /opt/airflow/dags/init.py
[2022-02-19 09:03:54,159] {logging_mixin.py:104} INFO - [2022-02-19 09:03:54,159] {dag.py:1833} INFO - Sync 1 DAGs
[2022-02-19 09:03:54,180] {logging_mixin.py:104} INFO - [2022-02-19 09:03:54,180] {dag.py:2306} INFO - Setting next_dagrun for 1_init_once_seed_data to 2020-08-01T00:00:00+00:00
[2022-02-19 09:03:54,200] {scheduler_job.py:189} INFO - Processing /opt/airflow/dags/init.py took 0.111 seconds
[2022-02-19 09:04:24,947] {scheduler_job.py:181} INFO - Started process (PID=289) to work on /opt/airflow/dags/init.py
[2022-02-19 09:04:24,950] {scheduler_job.py:632} INFO - Processing file /opt/airflow/dags/init.py for tasks to queue
[2022-02-19 09:04:24,951] {logging_mixin.py:104} INFO - [2022-02-19 09:04:24,951] {dagbag.py:496} INFO - Filling up the DagBag from /opt/airflow/dags/init.py
[2022-02-19 09:04:24,981] {scheduler_job.py:642} INFO - DAG(s) dict_keys(['1_init_once_seed_data']) retrieved from /opt/airflow/dags/init.py
[2022-02-19 09:04:25,018] {logging_mixin.py:104} INFO - [2022-02-19 09:04:25,018] {dag.py:1833} INFO - Sync 1 DAGs
[2022-02-19 09:04:25,052] {logging_mixin.py:104} INFO - [2022-02-19 09:04:25,052] {dag.py:2306} INFO - Setting next_dagrun for 1_init_once_seed_data to None
[2022-02-19 09:04:25,078] {scheduler_job.py:189} INFO - Processing /opt/airflow/dags/init.py took 0.136 seconds
[2022-02-19 09:04:55,550] {scheduler_job.py:181} INFO - Started process (PID=345) to work on /opt/airflow/dags/init.py
[2022-02-19 09:04:55,553] {scheduler_job.py:632} INFO - Processing file /opt/airflow/dags/init.py for tasks to queue
[2022-02-19 09:04:55,555] {logging_mixin.py:104} INFO - [2022-02-19 09:04:55,555] {dagbag.py:496} INFO - Filling up the DagBag from /opt/airflow/dags/init.py
[2022-02-19 09:04:55,584] {scheduler_job.py:642} INFO - DAG(s) dict_keys(['1_init_once_seed_data']) retrieved from /opt/airflow/dags/init.py
[2022-02-19 09:04:55,630] {logging_mixin.py:104} INFO - [2022-02-19 09:04:55,630] {dag.py:1833} INFO - Sync 1 DAGs
[2022-02-19 09:04:55,654] {logging_mixin.py:104} INFO - [2022-02-19 09:04:55,654] {dag.py:2306} INFO - Setting next_dagrun for 1_init_once_seed_data to None
[2022-02-19 09:04:55,671] {scheduler_job.py:189} INFO - Processing /opt/airflow/dags/init.py took 0.125 seconds
[2022-02-19 09:05:25,799] {scheduler_job.py:181} INFO - Started process (PID=398) to work on /opt/airflow/dags/init.py
[2022-02-19 09:05:25,801] {scheduler_job.py:632} INFO - Processing file /opt/airflow/dags/init.py for tasks to queue
[2022-02-19 09:05:25,803] {logging_mixin.py:104} INFO - [2022-02-19 09:05:25,803] {dagbag.py:496} INFO - Filling up the DagBag from /opt/airflow/dags/init.py
[2022-02-19 09:05:25,836] {scheduler_job.py:642} INFO - DAG(s) dict_keys(['1_init_once_seed_data']) retrieved from /opt/airflow/dags/init.py
[2022-02-19 09:05:25,868] {logging_mixin.py:104} INFO - [2022-02-19 09:05:25,868] {dag.py:1833} INFO - Sync 1 DAGs
[2022-02-19 09:05:25,893] {logging_mixin.py:104} INFO - [2022-02-19 09:05:25,892] {dag.py:2306} INFO - Setting next_dagrun for 1_init_once_seed_data to None
[2022-02-19 09:05:25,904] {scheduler_job.py:189} INFO - Processing /opt/airflow/dags/init.py took 0.110 seconds
[2022-02-19 09:05:56,506] {scheduler_job.py:181} INFO - Started process (PID=464) to work on /opt/airflow/dags/init.py
[2022-02-19 09:05:56,508] {scheduler_job.py:632} INFO - Processing file /opt/airflow/dags/init.py for tasks to queue
[2022-02-19 09:05:56,510] {logging_mixin.py:104} INFO - [2022-02-19 09:05:56,509] {dagbag.py:496} INFO - Filling up the DagBag from /opt/airflow/dags/init.py
[2022-02-19 09:05:56,534] {scheduler_job.py:642} INFO - DAG(s) dict_keys(['1_init_once_seed_data']) retrieved from /opt/airflow/dags/init.py
[2022-02-19 09:05:56,561] {logging_mixin.py:104} INFO - [2022-02-19 09:05:56,561] {dag.py:1833} INFO - Sync 1 DAGs
[2022-02-19 09:05:56,580] {logging_mixin.py:104} INFO - [2022-02-19 09:05:56,580] {dag.py:2306} INFO - Setting next_dagrun for 1_init_once_seed_data to None
[2022-02-19 09:05:56,590] {scheduler_job.py:189} INFO - Processing /opt/airflow/dags/init.py took 0.089 seconds
[2022-02-19 09:06:27,006] {scheduler_job.py:181} INFO - Started process (PID=518) to work on /opt/airflow/dags/init.py
[2022-02-19 09:06:27,008] {scheduler_job.py:632} INFO - Processing file /opt/airflow/dags/init.py for tasks to queue
[2022-02-19 09:06:27,009] {logging_mixin.py:104} INFO - [2022-02-19 09:06:27,009] {dagbag.py:496} INFO - Filling up the DagBag from /opt/airflow/dags/init.py
[2022-02-19 09:06:27,035] {scheduler_job.py:642} INFO - DAG(s) dict_keys(['1_init_once_seed_data']) retrieved from /opt/airflow/dags/init.py
[2022-02-19 09:06:27,063] {logging_mixin.py:104} INFO - [2022-02-19 09:06:27,063] {dag.py:1833} INFO - Sync 1 DAGs
[2022-02-19 09:06:27,082] {logging_mixin.py:104} INFO - [2022-02-19 09:06:27,082] {dag.py:2306} INFO - Setting next_dagrun for 1_init_once_seed_data to None
[2022-02-19 09:06:27,093] {scheduler_job.py:189} INFO - Processing /opt/airflow/dags/init.py took 0.092 seconds
[2022-02-19 09:06:57,603] {scheduler_job.py:181} INFO - Started process (PID=584) to work on /opt/airflow/dags/init.py
[2022-02-19 09:06:57,606] {scheduler_job.py:632} INFO - Processing file /opt/airflow/dags/init.py for tasks to queue
[2022-02-19 09:06:57,608] {logging_mixin.py:104} INFO - [2022-02-19 09:06:57,608] {dagbag.py:496} INFO - Filling up the DagBag from /opt/airflow/dags/init.py
[2022-02-19 09:06:57,633] {scheduler_job.py:642} INFO - DAG(s) dict_keys(['1_init_once_seed_data']) retrieved from /opt/airflow/dags/init.py
[2022-02-19 09:06:57,660] {logging_mixin.py:104} INFO - [2022-02-19 09:06:57,660] {dag.py:1833} INFO - Sync 1 DAGs
[2022-02-19 09:06:57,679] {logging_mixin.py:104} INFO - [2022-02-19 09:06:57,679] {dag.py:2306} INFO - Setting next_dagrun for 1_init_once_seed_data to None
[2022-02-19 09:06:57,689] {scheduler_job.py:189} INFO - Processing /opt/airflow/dags/init.py took 0.091 seconds
[2022-02-19 09:07:28,292] {scheduler_job.py:181} INFO - Started process (PID=639) to work on /opt/airflow/dags/init.py
[2022-02-19 09:07:28,296] {scheduler_job.py:632} INFO - Processing file /opt/airflow/dags/init.py for tasks to queue
[2022-02-19 09:07:28,299] {logging_mixin.py:104} INFO - [2022-02-19 09:07:28,298] {dagbag.py:496} INFO - Filling up the DagBag from /opt/airflow/dags/init.py
[2022-02-19 09:07:28,333] {scheduler_job.py:642} INFO - DAG(s) dict_keys(['1_init_once_seed_data']) retrieved from /opt/airflow/dags/init.py
[2022-02-19 09:07:28,365] {logging_mixin.py:104} INFO - [2022-02-19 09:07:28,365] {dag.py:1833} INFO - Sync 1 DAGs
[2022-02-19 09:07:28,403] {logging_mixin.py:104} INFO - [2022-02-19 09:07:28,403] {dag.py:2306} INFO - Setting next_dagrun for 1_init_once_seed_data to None
[2022-02-19 09:07:28,417] {scheduler_job.py:189} INFO - Processing /opt/airflow/dags/init.py took 0.132 seconds
[2022-02-19 09:07:59,012] {scheduler_job.py:181} INFO - Started process (PID=706) to work on /opt/airflow/dags/init.py
[2022-02-19 09:07:59,014] {scheduler_job.py:632} INFO - Processing file /opt/airflow/dags/init.py for tasks to queue
[2022-02-19 09:07:59,015] {logging_mixin.py:104} INFO - [2022-02-19 09:07:59,015] {dagbag.py:496} INFO - Filling up the DagBag from /opt/airflow/dags/init.py
[2022-02-19 09:07:59,039] {scheduler_job.py:642} INFO - DAG(s) dict_keys(['1_init_once_seed_data']) retrieved from /opt/airflow/dags/init.py
[2022-02-19 09:07:59,067] {logging_mixin.py:104} INFO - [2022-02-19 09:07:59,067] {dag.py:1833} INFO - Sync 1 DAGs
[2022-02-19 09:07:59,096] {logging_mixin.py:104} INFO - [2022-02-19 09:07:59,096] {dag.py:2306} INFO - Setting next_dagrun for 1_init_once_seed_data to None
[2022-02-19 09:07:59,110] {scheduler_job.py:189} INFO - Processing /opt/airflow/dags/init.py took 0.103 seconds
[2022-02-19 09:08:29,750] {scheduler_job.py:181} INFO - Started process (PID=770) to work on /opt/airflow/dags/init.py
[2022-02-19 09:08:29,752] {scheduler_job.py:632} INFO - Processing file /opt/airflow/dags/init.py for tasks to queue
[2022-02-19 09:08:29,754] {logging_mixin.py:104} INFO - [2022-02-19 09:08:29,753] {dagbag.py:496} INFO - Filling up the DagBag from /opt/airflow/dags/init.py
[2022-02-19 09:08:29,781] {scheduler_job.py:642} INFO - DAG(s) dict_keys(['1_init_once_seed_data']) retrieved from /opt/airflow/dags/init.py
[2022-02-19 09:08:29,808] {logging_mixin.py:104} INFO - [2022-02-19 09:08:29,808] {dag.py:1833} INFO - Sync 1 DAGs
[2022-02-19 09:08:29,830] {logging_mixin.py:104} INFO - [2022-02-19 09:08:29,830] {dag.py:2306} INFO - Setting next_dagrun for 1_init_once_seed_data to None
[2022-02-19 09:08:29,843] {scheduler_job.py:189} INFO - Processing /opt/airflow/dags/init.py took 0.098 seconds
[2022-02-19 09:09:00,442] {scheduler_job.py:181} INFO - Started process (PID=827) to work on /opt/airflow/dags/init.py
[2022-02-19 09:09:00,444] {scheduler_job.py:632} INFO - Processing file /opt/airflow/dags/init.py for tasks to queue
[2022-02-19 09:09:00,445] {logging_mixin.py:104} INFO - [2022-02-19 09:09:00,445] {dagbag.py:496} INFO - Filling up the DagBag from /opt/airflow/dags/init.py
[2022-02-19 09:09:00,473] {scheduler_job.py:642} INFO - DAG(s) dict_keys(['1_init_once_seed_data']) retrieved from /opt/airflow/dags/init.py
[2022-02-19 09:09:00,498] {logging_mixin.py:104} INFO - [2022-02-19 09:09:00,498] {dag.py:1833} INFO - Sync 1 DAGs
[2022-02-19 09:09:00,519] {logging_mixin.py:104} INFO - [2022-02-19 09:09:00,519] {dag.py:2306} INFO - Setting next_dagrun for 1_init_once_seed_data to None
[2022-02-19 09:09:00,531] {scheduler_job.py:189} INFO - Processing /opt/airflow/dags/init.py took 0.093 seconds
[2022-02-19 09:09:31,016] {scheduler_job.py:181} INFO - Started process (PID=890) to work on /opt/airflow/dags/init.py
[2022-02-19 09:09:31,019] {scheduler_job.py:632} INFO - Processing file /opt/airflow/dags/init.py for tasks to queue
[2022-02-19 09:09:31,021] {logging_mixin.py:104} INFO - [2022-02-19 09:09:31,021] {dagbag.py:496} INFO - Filling up the DagBag from /opt/airflow/dags/init.py
[2022-02-19 09:09:31,048] {scheduler_job.py:642} INFO - DAG(s) dict_keys(['1_init_once_seed_data']) retrieved from /opt/airflow/dags/init.py
[2022-02-19 09:09:31,074] {logging_mixin.py:104} INFO - [2022-02-19 09:09:31,074] {dag.py:1833} INFO - Sync 1 DAGs
[2022-02-19 09:09:31,097] {logging_mixin.py:104} INFO - [2022-02-19 09:09:31,097] {dag.py:2306} INFO - Setting next_dagrun for 1_init_once_seed_data to None
[2022-02-19 09:09:31,108] {scheduler_job.py:189} INFO - Processing /opt/airflow/dags/init.py took 0.097 seconds
[2022-02-19 09:10:01,409] {scheduler_job.py:181} INFO - Started process (PID=944) to work on /opt/airflow/dags/init.py
[2022-02-19 09:10:01,412] {scheduler_job.py:632} INFO - Processing file /opt/airflow/dags/init.py for tasks to queue
[2022-02-19 09:10:01,413] {logging_mixin.py:104} INFO - [2022-02-19 09:10:01,413] {dagbag.py:496} INFO - Filling up the DagBag from /opt/airflow/dags/init.py
[2022-02-19 09:10:01,437] {scheduler_job.py:642} INFO - DAG(s) dict_keys(['1_init_once_seed_data']) retrieved from /opt/airflow/dags/init.py
[2022-02-19 09:10:01,464] {logging_mixin.py:104} INFO - [2022-02-19 09:10:01,464] {dag.py:1833} INFO - Sync 1 DAGs
[2022-02-19 09:10:01,487] {logging_mixin.py:104} INFO - [2022-02-19 09:10:01,487] {dag.py:2306} INFO - Setting next_dagrun for 1_init_once_seed_data to None
[2022-02-19 09:10:01,499] {scheduler_job.py:189} INFO - Processing /opt/airflow/dags/init.py took 0.095 seconds
[2022-02-19 09:10:32,345] {scheduler_job.py:181} INFO - Started process (PID=1007) to work on /opt/airflow/dags/init.py
[2022-02-19 09:10:32,347] {scheduler_job.py:632} INFO - Processing file /opt/airflow/dags/init.py for tasks to queue
[2022-02-19 09:10:32,349] {logging_mixin.py:104} INFO - [2022-02-19 09:10:32,349] {dagbag.py:496} INFO - Filling up the DagBag from /opt/airflow/dags/init.py
[2022-02-19 09:10:32,376] {scheduler_job.py:642} INFO - DAG(s) dict_keys(['1_init_once_seed_data']) retrieved from /opt/airflow/dags/init.py
[2022-02-19 09:10:32,405] {logging_mixin.py:104} INFO - [2022-02-19 09:10:32,405] {dag.py:1833} INFO - Sync 1 DAGs
[2022-02-19 09:10:32,427] {logging_mixin.py:104} INFO - [2022-02-19 09:10:32,427] {dag.py:2306} INFO - Setting next_dagrun for 1_init_once_seed_data to None
[2022-02-19 09:10:32,439] {scheduler_job.py:189} INFO - Processing /opt/airflow/dags/init.py took 0.098 seconds
[2022-02-19 09:11:02,855] {scheduler_job.py:181} INFO - Started process (PID=1063) to work on /opt/airflow/dags/init.py
[2022-02-19 09:11:02,857] {scheduler_job.py:632} INFO - Processing file /opt/airflow/dags/init.py for tasks to queue
[2022-02-19 09:11:02,859] {logging_mixin.py:104} INFO - [2022-02-19 09:11:02,859] {dagbag.py:496} INFO - Filling up the DagBag from /opt/airflow/dags/init.py
[2022-02-19 09:11:02,886] {scheduler_job.py:642} INFO - DAG(s) dict_keys(['1_init_once_seed_data']) retrieved from /opt/airflow/dags/init.py
[2022-02-19 09:11:02,919] {logging_mixin.py:104} INFO - [2022-02-19 09:11:02,919] {dag.py:1833} INFO - Sync 1 DAGs
[2022-02-19 09:11:02,936] {logging_mixin.py:104} INFO - [2022-02-19 09:11:02,936] {dag.py:2306} INFO - Setting next_dagrun for 1_init_once_seed_data to None
[2022-02-19 09:11:02,948] {scheduler_job.py:189} INFO - Processing /opt/airflow/dags/init.py took 0.097 seconds
[2022-02-19 09:11:33,551] {scheduler_job.py:181} INFO - Started process (PID=1127) to work on /opt/airflow/dags/init.py
[2022-02-19 09:11:33,552] {scheduler_job.py:632} INFO - Processing file /opt/airflow/dags/init.py for tasks to queue
[2022-02-19 09:11:33,554] {logging_mixin.py:104} INFO - [2022-02-19 09:11:33,554] {dagbag.py:496} INFO - Filling up the DagBag from /opt/airflow/dags/init.py
[2022-02-19 09:11:33,585] {scheduler_job.py:642} INFO - DAG(s) dict_keys(['1_init_once_seed_data']) retrieved from /opt/airflow/dags/init.py
[2022-02-19 09:11:33,618] {logging_mixin.py:104} INFO - [2022-02-19 09:11:33,617] {dag.py:1833} INFO - Sync 1 DAGs
[2022-02-19 09:11:33,644] {logging_mixin.py:104} INFO - [2022-02-19 09:11:33,644] {dag.py:2306} INFO - Setting next_dagrun for 1_init_once_seed_data to None
[2022-02-19 09:11:33,656] {scheduler_job.py:189} INFO - Processing /opt/airflow/dags/init.py took 0.113 seconds
[2022-02-19 09:12:04,063] {scheduler_job.py:181} INFO - Started process (PID=1182) to work on /opt/airflow/dags/init.py
[2022-02-19 09:12:04,066] {scheduler_job.py:632} INFO - Processing file /opt/airflow/dags/init.py for tasks to queue
[2022-02-19 09:12:04,068] {logging_mixin.py:104} INFO - [2022-02-19 09:12:04,068] {dagbag.py:496} INFO - Filling up the DagBag from /opt/airflow/dags/init.py
[2022-02-19 09:12:04,103] {scheduler_job.py:642} INFO - DAG(s) dict_keys(['1_init_once_seed_data']) retrieved from /opt/airflow/dags/init.py
[2022-02-19 09:12:04,142] {logging_mixin.py:104} INFO - [2022-02-19 09:12:04,142] {dag.py:1833} INFO - Sync 1 DAGs
[2022-02-19 09:12:04,159] {logging_mixin.py:104} INFO - [2022-02-19 09:12:04,158] {dag.py:2306} INFO - Setting next_dagrun for 1_init_once_seed_data to None
[2022-02-19 09:12:04,169] {scheduler_job.py:189} INFO - Processing /opt/airflow/dags/init.py took 0.111 seconds
[2022-02-19 09:12:34,724] {scheduler_job.py:181} INFO - Started process (PID=1246) to work on /opt/airflow/dags/init.py
[2022-02-19 09:12:34,727] {scheduler_job.py:632} INFO - Processing file /opt/airflow/dags/init.py for tasks to queue
[2022-02-19 09:12:34,730] {logging_mixin.py:104} INFO - [2022-02-19 09:12:34,729] {dagbag.py:496} INFO - Filling up the DagBag from /opt/airflow/dags/init.py
[2022-02-19 09:12:34,763] {scheduler_job.py:642} INFO - DAG(s) dict_keys(['1_init_once_seed_data']) retrieved from /opt/airflow/dags/init.py
[2022-02-19 09:12:34,793] {logging_mixin.py:104} INFO - [2022-02-19 09:12:34,792] {dag.py:1833} INFO - Sync 1 DAGs
[2022-02-19 09:12:34,819] {logging_mixin.py:104} INFO - [2022-02-19 09:12:34,819] {dag.py:2306} INFO - Setting next_dagrun for 1_init_once_seed_data to None
[2022-02-19 09:12:34,833] {scheduler_job.py:189} INFO - Processing /opt/airflow/dags/init.py took 0.115 seconds
[2022-02-19 09:13:05,541] {scheduler_job.py:181} INFO - Started process (PID=1302) to work on /opt/airflow/dags/init.py
[2022-02-19 09:13:05,543] {scheduler_job.py:632} INFO - Processing file /opt/airflow/dags/init.py for tasks to queue
[2022-02-19 09:13:05,546] {logging_mixin.py:104} INFO - [2022-02-19 09:13:05,545] {dagbag.py:496} INFO - Filling up the DagBag from /opt/airflow/dags/init.py
[2022-02-19 09:13:05,572] {scheduler_job.py:642} INFO - DAG(s) dict_keys(['1_init_once_seed_data']) retrieved from /opt/airflow/dags/init.py
[2022-02-19 09:13:05,598] {logging_mixin.py:104} INFO - [2022-02-19 09:13:05,598] {dag.py:1833} INFO - Sync 1 DAGs
[2022-02-19 09:13:05,616] {logging_mixin.py:104} INFO - [2022-02-19 09:13:05,615] {dag.py:2306} INFO - Setting next_dagrun for 1_init_once_seed_data to None
[2022-02-19 09:13:05,627] {scheduler_job.py:189} INFO - Processing /opt/airflow/dags/init.py took 0.091 seconds
[2022-02-19 09:13:36,247] {scheduler_job.py:181} INFO - Started process (PID=1365) to work on /opt/airflow/dags/init.py
[2022-02-19 09:13:36,249] {scheduler_job.py:632} INFO - Processing file /opt/airflow/dags/init.py for tasks to queue
[2022-02-19 09:13:36,251] {logging_mixin.py:104} INFO - [2022-02-19 09:13:36,251] {dagbag.py:496} INFO - Filling up the DagBag from /opt/airflow/dags/init.py
[2022-02-19 09:13:36,284] {scheduler_job.py:642} INFO - DAG(s) dict_keys(['1_init_once_seed_data']) retrieved from /opt/airflow/dags/init.py
[2022-02-19 09:13:36,314] {logging_mixin.py:104} INFO - [2022-02-19 09:13:36,314] {dag.py:1833} INFO - Sync 1 DAGs
[2022-02-19 09:13:36,336] {logging_mixin.py:104} INFO - [2022-02-19 09:13:36,336] {dag.py:2306} INFO - Setting next_dagrun for 1_init_once_seed_data to None
[2022-02-19 09:13:36,350] {scheduler_job.py:189} INFO - Processing /opt/airflow/dags/init.py took 0.109 seconds
[2022-02-19 09:14:07,116] {scheduler_job.py:181} INFO - Started process (PID=1422) to work on /opt/airflow/dags/init.py
[2022-02-19 09:14:07,118] {scheduler_job.py:632} INFO - Processing file /opt/airflow/dags/init.py for tasks to queue
[2022-02-19 09:14:07,119] {logging_mixin.py:104} INFO - [2022-02-19 09:14:07,119] {dagbag.py:496} INFO - Filling up the DagBag from /opt/airflow/dags/init.py
[2022-02-19 09:14:07,147] {scheduler_job.py:642} INFO - DAG(s) dict_keys(['1_init_once_seed_data']) retrieved from /opt/airflow/dags/init.py
[2022-02-19 09:14:07,174] {logging_mixin.py:104} INFO - [2022-02-19 09:14:07,174] {dag.py:1833} INFO - Sync 1 DAGs
[2022-02-19 09:14:07,193] {logging_mixin.py:104} INFO - [2022-02-19 09:14:07,192] {dag.py:2306} INFO - Setting next_dagrun for 1_init_once_seed_data to None
[2022-02-19 09:14:07,203] {scheduler_job.py:189} INFO - Processing /opt/airflow/dags/init.py took 0.091 seconds
[2022-02-19 09:14:37,372] {scheduler_job.py:181} INFO - Started process (PID=1489) to work on /opt/airflow/dags/init.py
[2022-02-19 09:14:37,375] {scheduler_job.py:632} INFO - Processing file /opt/airflow/dags/init.py for tasks to queue
[2022-02-19 09:14:37,377] {logging_mixin.py:104} INFO - [2022-02-19 09:14:37,377] {dagbag.py:496} INFO - Filling up the DagBag from /opt/airflow/dags/init.py
[2022-02-19 09:14:37,408] {scheduler_job.py:642} INFO - DAG(s) dict_keys(['1_init_once_seed_data']) retrieved from /opt/airflow/dags/init.py
[2022-02-19 09:14:37,437] {logging_mixin.py:104} INFO - [2022-02-19 09:14:37,437] {dag.py:1833} INFO - Sync 1 DAGs
[2022-02-19 09:14:37,456] {logging_mixin.py:104} INFO - [2022-02-19 09:14:37,456] {dag.py:2306} INFO - Setting next_dagrun for 1_init_once_seed_data to None
[2022-02-19 09:14:37,468] {scheduler_job.py:189} INFO - Processing /opt/airflow/dags/init.py took 0.101 seconds
[2022-02-19 09:15:07,644] {scheduler_job.py:181} INFO - Started process (PID=1545) to work on /opt/airflow/dags/init.py
[2022-02-19 09:15:07,646] {scheduler_job.py:632} INFO - Processing file /opt/airflow/dags/init.py for tasks to queue
[2022-02-19 09:15:07,648] {logging_mixin.py:104} INFO - [2022-02-19 09:15:07,648] {dagbag.py:496} INFO - Filling up the DagBag from /opt/airflow/dags/init.py
[2022-02-19 09:15:07,676] {scheduler_job.py:642} INFO - DAG(s) dict_keys(['1_init_once_seed_data']) retrieved from /opt/airflow/dags/init.py
[2022-02-19 09:15:07,702] {logging_mixin.py:104} INFO - [2022-02-19 09:15:07,702] {dag.py:1833} INFO - Sync 1 DAGs
[2022-02-19 09:15:07,719] {logging_mixin.py:104} INFO - [2022-02-19 09:15:07,719] {dag.py:2306} INFO - Setting next_dagrun for 1_init_once_seed_data to None
[2022-02-19 09:15:07,728] {scheduler_job.py:189} INFO - Processing /opt/airflow/dags/init.py took 0.089 seconds
[2022-02-19 09:15:37,804] {scheduler_job.py:181} INFO - Started process (PID=1599) to work on /opt/airflow/dags/init.py
[2022-02-19 09:15:37,807] {scheduler_job.py:632} INFO - Processing file /opt/airflow/dags/init.py for tasks to queue
[2022-02-19 09:15:37,809] {logging_mixin.py:104} INFO - [2022-02-19 09:15:37,809] {dagbag.py:496} INFO - Filling up the DagBag from /opt/airflow/dags/init.py
[2022-02-19 09:15:37,848] {scheduler_job.py:642} INFO - DAG(s) dict_keys(['1_init_once_seed_data']) retrieved from /opt/airflow/dags/init.py
[2022-02-19 09:15:37,881] {logging_mixin.py:104} INFO - [2022-02-19 09:15:37,880] {dag.py:1833} INFO - Sync 1 DAGs
[2022-02-19 09:15:37,904] {logging_mixin.py:104} INFO - [2022-02-19 09:15:37,903] {dag.py:2306} INFO - Setting next_dagrun for 1_init_once_seed_data to None
[2022-02-19 09:15:37,919] {scheduler_job.py:189} INFO - Processing /opt/airflow/dags/init.py took 0.119 seconds
[2022-02-19 09:16:08,200] {scheduler_job.py:181} INFO - Started process (PID=1666) to work on /opt/airflow/dags/init.py
[2022-02-19 09:16:08,202] {scheduler_job.py:632} INFO - Processing file /opt/airflow/dags/init.py for tasks to queue
[2022-02-19 09:16:08,204] {logging_mixin.py:104} INFO - [2022-02-19 09:16:08,203] {dagbag.py:496} INFO - Filling up the DagBag from /opt/airflow/dags/init.py
[2022-02-19 09:16:08,230] {scheduler_job.py:642} INFO - DAG(s) dict_keys(['1_init_once_seed_data']) retrieved from /opt/airflow/dags/init.py
[2022-02-19 09:16:08,257] {logging_mixin.py:104} INFO - [2022-02-19 09:16:08,257] {dag.py:1833} INFO - Sync 1 DAGs
[2022-02-19 09:16:08,274] {logging_mixin.py:104} INFO - [2022-02-19 09:16:08,274] {dag.py:2306} INFO - Setting next_dagrun for 1_init_once_seed_data to None
[2022-02-19 09:16:08,287] {scheduler_job.py:189} INFO - Processing /opt/airflow/dags/init.py took 0.092 seconds
[2022-02-19 09:16:38,975] {scheduler_job.py:181} INFO - Started process (PID=1720) to work on /opt/airflow/dags/init.py
[2022-02-19 09:16:38,978] {scheduler_job.py:632} INFO - Processing file /opt/airflow/dags/init.py for tasks to queue
[2022-02-19 09:16:38,980] {logging_mixin.py:104} INFO - [2022-02-19 09:16:38,980] {dagbag.py:496} INFO - Filling up the DagBag from /opt/airflow/dags/init.py
[2022-02-19 09:16:39,011] {scheduler_job.py:642} INFO - DAG(s) dict_keys(['1_init_once_seed_data']) retrieved from /opt/airflow/dags/init.py
[2022-02-19 09:16:39,039] {logging_mixin.py:104} INFO - [2022-02-19 09:16:39,039] {dag.py:1833} INFO - Sync 1 DAGs
[2022-02-19 09:16:39,060] {logging_mixin.py:104} INFO - [2022-02-19 09:16:39,059] {dag.py:2306} INFO - Setting next_dagrun for 1_init_once_seed_data to None
[2022-02-19 09:16:39,072] {scheduler_job.py:189} INFO - Processing /opt/airflow/dags/init.py took 0.102 seconds
[2022-02-19 09:17:09,803] {scheduler_job.py:181} INFO - Started process (PID=1785) to work on /opt/airflow/dags/init.py
[2022-02-19 09:17:09,806] {scheduler_job.py:632} INFO - Processing file /opt/airflow/dags/init.py for tasks to queue
[2022-02-19 09:17:09,808] {logging_mixin.py:104} INFO - [2022-02-19 09:17:09,808] {dagbag.py:496} INFO - Filling up the DagBag from /opt/airflow/dags/init.py
[2022-02-19 09:17:09,845] {scheduler_job.py:642} INFO - DAG(s) dict_keys(['1_init_once_seed_data']) retrieved from /opt/airflow/dags/init.py
[2022-02-19 09:17:09,877] {logging_mixin.py:104} INFO - [2022-02-19 09:17:09,877] {dag.py:1833} INFO - Sync 1 DAGs
[2022-02-19 09:17:09,904] {logging_mixin.py:104} INFO - [2022-02-19 09:17:09,903] {dag.py:2306} INFO - Setting next_dagrun for 1_init_once_seed_data to 2020-08-01T00:00:00+00:00
[2022-02-19 09:17:09,919] {scheduler_job.py:189} INFO - Processing /opt/airflow/dags/init.py took 0.123 seconds
[2022-02-19 09:20:34,323] {scheduler_job.py:181} INFO - Started process (PID=49) to work on /opt/airflow/dags/init.py
[2022-02-19 09:20:34,332] {scheduler_job.py:632} INFO - Processing file /opt/airflow/dags/init.py for tasks to queue
[2022-02-19 09:20:34,334] {logging_mixin.py:104} INFO - [2022-02-19 09:20:34,334] {dagbag.py:496} INFO - Filling up the DagBag from /opt/airflow/dags/init.py
[2022-02-19 09:20:34,432] {scheduler_job.py:642} INFO - DAG(s) dict_keys(['1_init_once_seed_data']) retrieved from /opt/airflow/dags/init.py
[2022-02-19 09:20:35,343] {logging_mixin.py:104} INFO - [2022-02-19 09:20:35,343] {dag.py:1833} INFO - Sync 1 DAGs
[2022-02-19 09:20:35,369] {logging_mixin.py:104} INFO - [2022-02-19 09:20:35,369] {dag.py:2306} INFO - Setting next_dagrun for 1_init_once_seed_data to 2020-08-01T00:00:00+00:00
[2022-02-19 09:20:35,395] {scheduler_job.py:189} INFO - Processing /opt/airflow/dags/init.py took 1.129 seconds
[2022-02-19 09:21:06,246] {scheduler_job.py:181} INFO - Started process (PID=106) to work on /opt/airflow/dags/init.py
[2022-02-19 09:21:06,249] {scheduler_job.py:632} INFO - Processing file /opt/airflow/dags/init.py for tasks to queue
[2022-02-19 09:21:06,250] {logging_mixin.py:104} INFO - [2022-02-19 09:21:06,250] {dagbag.py:496} INFO - Filling up the DagBag from /opt/airflow/dags/init.py
[2022-02-19 09:21:06,277] {scheduler_job.py:642} INFO - DAG(s) dict_keys(['1_init_once_seed_data']) retrieved from /opt/airflow/dags/init.py
[2022-02-19 09:21:06,307] {logging_mixin.py:104} INFO - [2022-02-19 09:21:06,306] {dag.py:1833} INFO - Sync 1 DAGs
[2022-02-19 09:21:06,329] {logging_mixin.py:104} INFO - [2022-02-19 09:21:06,329] {dag.py:2306} INFO - Setting next_dagrun for 1_init_once_seed_data to 2020-08-01T00:00:00+00:00
[2022-02-19 09:21:06,342] {scheduler_job.py:189} INFO - Processing /opt/airflow/dags/init.py took 0.101 seconds
[2022-02-19 09:21:36,800] {scheduler_job.py:181} INFO - Started process (PID=175) to work on /opt/airflow/dags/init.py
[2022-02-19 09:21:36,803] {scheduler_job.py:632} INFO - Processing file /opt/airflow/dags/init.py for tasks to queue
[2022-02-19 09:21:36,805] {logging_mixin.py:104} INFO - [2022-02-19 09:21:36,805] {dagbag.py:496} INFO - Filling up the DagBag from /opt/airflow/dags/init.py
[2022-02-19 09:21:36,843] {scheduler_job.py:642} INFO - DAG(s) dict_keys(['1_init_once_seed_data']) retrieved from /opt/airflow/dags/init.py
[2022-02-19 09:21:36,872] {logging_mixin.py:104} INFO - [2022-02-19 09:21:36,871] {dag.py:1833} INFO - Sync 1 DAGs
[2022-02-19 09:21:36,892] {logging_mixin.py:104} INFO - [2022-02-19 09:21:36,892] {dag.py:2306} INFO - Setting next_dagrun for 1_init_once_seed_data to None
[2022-02-19 09:21:36,903] {scheduler_job.py:189} INFO - Processing /opt/airflow/dags/init.py took 0.107 seconds
[2022-02-19 09:22:07,655] {scheduler_job.py:181} INFO - Started process (PID=230) to work on /opt/airflow/dags/init.py
[2022-02-19 09:22:07,658] {scheduler_job.py:632} INFO - Processing file /opt/airflow/dags/init.py for tasks to queue
[2022-02-19 09:22:07,661] {logging_mixin.py:104} INFO - [2022-02-19 09:22:07,660] {dagbag.py:496} INFO - Filling up the DagBag from /opt/airflow/dags/init.py
[2022-02-19 09:22:07,688] {scheduler_job.py:642} INFO - DAG(s) dict_keys(['1_init_once_seed_data']) retrieved from /opt/airflow/dags/init.py
[2022-02-19 09:22:07,716] {logging_mixin.py:104} INFO - [2022-02-19 09:22:07,715] {dag.py:1833} INFO - Sync 1 DAGs
[2022-02-19 09:22:07,734] {logging_mixin.py:104} INFO - [2022-02-19 09:22:07,734] {dag.py:2306} INFO - Setting next_dagrun for 1_init_once_seed_data to None
[2022-02-19 09:22:07,744] {scheduler_job.py:189} INFO - Processing /opt/airflow/dags/init.py took 0.095 seconds
[2022-02-19 09:22:38,477] {scheduler_job.py:181} INFO - Started process (PID=296) to work on /opt/airflow/dags/init.py
[2022-02-19 09:22:38,481] {scheduler_job.py:632} INFO - Processing file /opt/airflow/dags/init.py for tasks to queue
[2022-02-19 09:22:38,484] {logging_mixin.py:104} INFO - [2022-02-19 09:22:38,484] {dagbag.py:496} INFO - Filling up the DagBag from /opt/airflow/dags/init.py
[2022-02-19 09:22:38,520] {scheduler_job.py:642} INFO - DAG(s) dict_keys(['1_init_once_seed_data']) retrieved from /opt/airflow/dags/init.py
[2022-02-19 09:22:38,551] {logging_mixin.py:104} INFO - [2022-02-19 09:22:38,550] {dag.py:1833} INFO - Sync 1 DAGs
[2022-02-19 09:22:38,582] {logging_mixin.py:104} INFO - [2022-02-19 09:22:38,582] {dag.py:2306} INFO - Setting next_dagrun for 1_init_once_seed_data to None
[2022-02-19 09:22:38,597] {scheduler_job.py:189} INFO - Processing /opt/airflow/dags/init.py took 0.126 seconds
[2022-02-19 09:23:20,337] {scheduler_job.py:181} INFO - Started process (PID=49) to work on /opt/airflow/dags/init.py
[2022-02-19 09:23:20,341] {scheduler_job.py:632} INFO - Processing file /opt/airflow/dags/init.py for tasks to queue
[2022-02-19 09:23:20,345] {logging_mixin.py:104} INFO - [2022-02-19 09:23:20,345] {dagbag.py:496} INFO - Filling up the DagBag from /opt/airflow/dags/init.py
[2022-02-19 09:23:20,465] {scheduler_job.py:642} INFO - DAG(s) dict_keys(['1_init_once_seed_data']) retrieved from /opt/airflow/dags/init.py
[2022-02-19 09:23:21,280] {logging_mixin.py:104} INFO - [2022-02-19 09:23:21,280] {dag.py:1833} INFO - Sync 1 DAGs
[2022-02-19 09:23:21,313] {logging_mixin.py:104} INFO - [2022-02-19 09:23:21,313] {dag.py:2306} INFO - Setting next_dagrun for 1_init_once_seed_data to None
[2022-02-19 09:23:21,329] {scheduler_job.py:189} INFO - Processing /opt/airflow/dags/init.py took 1.004 seconds
[2022-02-19 09:23:52,174] {scheduler_job.py:181} INFO - Started process (PID=104) to work on /opt/airflow/dags/init.py
[2022-02-19 09:23:52,176] {scheduler_job.py:632} INFO - Processing file /opt/airflow/dags/init.py for tasks to queue
[2022-02-19 09:23:52,178] {logging_mixin.py:104} INFO - [2022-02-19 09:23:52,177] {dagbag.py:496} INFO - Filling up the DagBag from /opt/airflow/dags/init.py
[2022-02-19 09:23:52,207] {scheduler_job.py:642} INFO - DAG(s) dict_keys(['1_init_once_seed_data']) retrieved from /opt/airflow/dags/init.py
[2022-02-19 09:23:52,237] {logging_mixin.py:104} INFO - [2022-02-19 09:23:52,237] {dag.py:1833} INFO - Sync 1 DAGs
[2022-02-19 09:23:52,270] {logging_mixin.py:104} INFO - [2022-02-19 09:23:52,270] {dag.py:2306} INFO - Setting next_dagrun for 1_init_once_seed_data to None
[2022-02-19 09:23:52,282] {scheduler_job.py:189} INFO - Processing /opt/airflow/dags/init.py took 0.113 seconds
[2022-02-19 09:24:23,242] {scheduler_job.py:181} INFO - Started process (PID=167) to work on /opt/airflow/dags/init.py
[2022-02-19 09:24:23,245] {scheduler_job.py:632} INFO - Processing file /opt/airflow/dags/init.py for tasks to queue
[2022-02-19 09:24:23,247] {logging_mixin.py:104} INFO - [2022-02-19 09:24:23,247] {dagbag.py:496} INFO - Filling up the DagBag from /opt/airflow/dags/init.py
[2022-02-19 09:24:23,299] {scheduler_job.py:642} INFO - DAG(s) dict_keys(['1_init_once_seed_data']) retrieved from /opt/airflow/dags/init.py
[2022-02-19 09:24:23,341] {logging_mixin.py:104} INFO - [2022-02-19 09:24:23,341] {dag.py:1833} INFO - Sync 1 DAGs
[2022-02-19 09:24:23,370] {logging_mixin.py:104} INFO - [2022-02-19 09:24:23,370] {dag.py:2306} INFO - Setting next_dagrun for 1_init_once_seed_data to 2020-08-01T00:00:00+00:00
[2022-02-19 09:24:23,403] {scheduler_job.py:189} INFO - Processing /opt/airflow/dags/init.py took 0.168 seconds
[2022-02-19 09:24:53,906] {scheduler_job.py:181} INFO - Started process (PID=226) to work on /opt/airflow/dags/init.py
[2022-02-19 09:24:53,908] {scheduler_job.py:632} INFO - Processing file /opt/airflow/dags/init.py for tasks to queue
[2022-02-19 09:24:53,910] {logging_mixin.py:104} INFO - [2022-02-19 09:24:53,910] {dagbag.py:496} INFO - Filling up the DagBag from /opt/airflow/dags/init.py
[2022-02-19 09:24:53,941] {scheduler_job.py:642} INFO - DAG(s) dict_keys(['1_init_once_seed_data']) retrieved from /opt/airflow/dags/init.py
[2022-02-19 09:24:53,967] {logging_mixin.py:104} INFO - [2022-02-19 09:24:53,967] {dag.py:1833} INFO - Sync 1 DAGs
[2022-02-19 09:24:53,985] {logging_mixin.py:104} INFO - [2022-02-19 09:24:53,985] {dag.py:2306} INFO - Setting next_dagrun for 1_init_once_seed_data to None
[2022-02-19 09:24:54,005] {scheduler_job.py:189} INFO - Processing /opt/airflow/dags/init.py took 0.103 seconds
[2022-02-19 09:25:24,978] {scheduler_job.py:181} INFO - Started process (PID=280) to work on /opt/airflow/dags/init.py
[2022-02-19 09:25:24,980] {scheduler_job.py:632} INFO - Processing file /opt/airflow/dags/init.py for tasks to queue
[2022-02-19 09:25:24,983] {logging_mixin.py:104} INFO - [2022-02-19 09:25:24,982] {dagbag.py:496} INFO - Filling up the DagBag from /opt/airflow/dags/init.py
[2022-02-19 09:25:25,014] {scheduler_job.py:642} INFO - DAG(s) dict_keys(['1_init_once_seed_data']) retrieved from /opt/airflow/dags/init.py
[2022-02-19 09:25:25,048] {logging_mixin.py:104} INFO - [2022-02-19 09:25:25,048] {dag.py:1833} INFO - Sync 1 DAGs
[2022-02-19 09:25:25,076] {logging_mixin.py:104} INFO - [2022-02-19 09:25:25,076] {dag.py:2306} INFO - Setting next_dagrun for 1_init_once_seed_data to 2020-08-01T00:00:00+00:00
[2022-02-19 09:25:25,088] {scheduler_job.py:189} INFO - Processing /opt/airflow/dags/init.py took 0.115 seconds
[2022-02-19 09:25:55,189] {scheduler_job.py:181} INFO - Started process (PID=346) to work on /opt/airflow/dags/init.py
[2022-02-19 09:25:55,197] {scheduler_job.py:632} INFO - Processing file /opt/airflow/dags/init.py for tasks to queue
[2022-02-19 09:25:55,200] {logging_mixin.py:104} INFO - [2022-02-19 09:25:55,199] {dagbag.py:496} INFO - Filling up the DagBag from /opt/airflow/dags/init.py
[2022-02-19 09:25:55,250] {scheduler_job.py:642} INFO - DAG(s) dict_keys(['1_init_once_seed_data']) retrieved from /opt/airflow/dags/init.py
[2022-02-19 09:25:55,305] {logging_mixin.py:104} INFO - [2022-02-19 09:25:55,305] {dag.py:1833} INFO - Sync 1 DAGs
[2022-02-19 09:25:55,337] {logging_mixin.py:104} INFO - [2022-02-19 09:25:55,336] {dag.py:2306} INFO - Setting next_dagrun for 1_init_once_seed_data to None
[2022-02-19 09:25:55,386] {scheduler_job.py:189} INFO - Processing /opt/airflow/dags/init.py took 0.215 seconds
[2022-02-19 09:26:26,314] {scheduler_job.py:181} INFO - Started process (PID=400) to work on /opt/airflow/dags/init.py
[2022-02-19 09:26:26,316] {scheduler_job.py:632} INFO - Processing file /opt/airflow/dags/init.py for tasks to queue
[2022-02-19 09:26:26,318] {logging_mixin.py:104} INFO - [2022-02-19 09:26:26,317] {dagbag.py:496} INFO - Filling up the DagBag from /opt/airflow/dags/init.py
[2022-02-19 09:26:26,346] {scheduler_job.py:642} INFO - DAG(s) dict_keys(['1_init_once_seed_data']) retrieved from /opt/airflow/dags/init.py
[2022-02-19 09:26:26,373] {logging_mixin.py:104} INFO - [2022-02-19 09:26:26,373] {dag.py:1833} INFO - Sync 1 DAGs
[2022-02-19 09:26:26,392] {logging_mixin.py:104} INFO - [2022-02-19 09:26:26,392] {dag.py:2306} INFO - Setting next_dagrun for 1_init_once_seed_data to None
[2022-02-19 09:26:26,403] {scheduler_job.py:189} INFO - Processing /opt/airflow/dags/init.py took 0.094 seconds
[2022-02-19 09:26:56,511] {scheduler_job.py:181} INFO - Started process (PID=462) to work on /opt/airflow/dags/init.py
[2022-02-19 09:26:56,514] {scheduler_job.py:632} INFO - Processing file /opt/airflow/dags/init.py for tasks to queue
[2022-02-19 09:26:56,516] {logging_mixin.py:104} INFO - [2022-02-19 09:26:56,515] {dagbag.py:496} INFO - Filling up the DagBag from /opt/airflow/dags/init.py
[2022-02-19 09:26:56,551] {scheduler_job.py:642} INFO - DAG(s) dict_keys(['1_init_once_seed_data']) retrieved from /opt/airflow/dags/init.py
[2022-02-19 09:26:56,604] {logging_mixin.py:104} INFO - [2022-02-19 09:26:56,604] {dag.py:1833} INFO - Sync 1 DAGs
[2022-02-19 09:26:56,626] {logging_mixin.py:104} INFO - [2022-02-19 09:26:56,626] {dag.py:2306} INFO - Setting next_dagrun for 1_init_once_seed_data to 2020-08-01T00:00:00+00:00
[2022-02-19 09:26:56,639] {scheduler_job.py:189} INFO - Processing /opt/airflow/dags/init.py took 0.131 seconds
[2022-02-19 09:27:27,519] {scheduler_job.py:181} INFO - Started process (PID=521) to work on /opt/airflow/dags/init.py
[2022-02-19 09:27:27,521] {scheduler_job.py:632} INFO - Processing file /opt/airflow/dags/init.py for tasks to queue
[2022-02-19 09:27:27,523] {logging_mixin.py:104} INFO - [2022-02-19 09:27:27,523] {dagbag.py:496} INFO - Filling up the DagBag from /opt/airflow/dags/init.py
[2022-02-19 09:27:27,556] {scheduler_job.py:642} INFO - DAG(s) dict_keys(['1_init_once_seed_data']) retrieved from /opt/airflow/dags/init.py
[2022-02-19 09:27:27,591] {logging_mixin.py:104} INFO - [2022-02-19 09:27:27,591] {dag.py:1833} INFO - Sync 1 DAGs
[2022-02-19 09:27:27,616] {logging_mixin.py:104} INFO - [2022-02-19 09:27:27,616] {dag.py:2306} INFO - Setting next_dagrun for 1_init_once_seed_data to 2020-08-01T00:00:00+00:00
[2022-02-19 09:27:27,633] {scheduler_job.py:189} INFO - Processing /opt/airflow/dags/init.py took 0.121 seconds
[2022-02-19 09:27:57,825] {scheduler_job.py:181} INFO - Started process (PID=576) to work on /opt/airflow/dags/init.py
[2022-02-19 09:27:57,827] {scheduler_job.py:632} INFO - Processing file /opt/airflow/dags/init.py for tasks to queue
[2022-02-19 09:27:57,829] {logging_mixin.py:104} INFO - [2022-02-19 09:27:57,829] {dagbag.py:496} INFO - Filling up the DagBag from /opt/airflow/dags/init.py
[2022-02-19 09:27:57,852] {scheduler_job.py:642} INFO - DAG(s) dict_keys(['1_init_once_seed_data']) retrieved from /opt/airflow/dags/init.py
[2022-02-19 09:27:57,879] {logging_mixin.py:104} INFO - [2022-02-19 09:27:57,879] {dag.py:1833} INFO - Sync 1 DAGs
[2022-02-19 09:27:57,899] {logging_mixin.py:104} INFO - [2022-02-19 09:27:57,899] {dag.py:2306} INFO - Setting next_dagrun for 1_init_once_seed_data to None
[2022-02-19 09:27:57,911] {scheduler_job.py:189} INFO - Processing /opt/airflow/dags/init.py took 0.090 seconds
[2022-02-19 09:28:28,112] {scheduler_job.py:181} INFO - Started process (PID=641) to work on /opt/airflow/dags/init.py
[2022-02-19 09:28:28,114] {scheduler_job.py:632} INFO - Processing file /opt/airflow/dags/init.py for tasks to queue
[2022-02-19 09:28:28,115] {logging_mixin.py:104} INFO - [2022-02-19 09:28:28,115] {dagbag.py:496} INFO - Filling up the DagBag from /opt/airflow/dags/init.py
[2022-02-19 09:28:28,141] {scheduler_job.py:642} INFO - DAG(s) dict_keys(['1_init_once_seed_data']) retrieved from /opt/airflow/dags/init.py
[2022-02-19 09:28:28,169] {logging_mixin.py:104} INFO - [2022-02-19 09:28:28,168] {dag.py:1833} INFO - Sync 1 DAGs
[2022-02-19 09:28:28,191] {logging_mixin.py:104} INFO - [2022-02-19 09:28:28,191] {dag.py:2306} INFO - Setting next_dagrun for 1_init_once_seed_data to None
[2022-02-19 09:28:28,203] {scheduler_job.py:189} INFO - Processing /opt/airflow/dags/init.py took 0.096 seconds
[2022-02-19 09:28:58,353] {scheduler_job.py:181} INFO - Started process (PID=696) to work on /opt/airflow/dags/init.py
[2022-02-19 09:28:58,355] {scheduler_job.py:632} INFO - Processing file /opt/airflow/dags/init.py for tasks to queue
[2022-02-19 09:28:58,356] {logging_mixin.py:104} INFO - [2022-02-19 09:28:58,356] {dagbag.py:496} INFO - Filling up the DagBag from /opt/airflow/dags/init.py
[2022-02-19 09:28:58,384] {scheduler_job.py:642} INFO - DAG(s) dict_keys(['1_init_once_seed_data']) retrieved from /opt/airflow/dags/init.py
[2022-02-19 09:28:58,412] {logging_mixin.py:104} INFO - [2022-02-19 09:28:58,412] {dag.py:1833} INFO - Sync 1 DAGs
[2022-02-19 09:28:58,436] {logging_mixin.py:104} INFO - [2022-02-19 09:28:58,436] {dag.py:2306} INFO - Setting next_dagrun for 1_init_once_seed_data to None
[2022-02-19 09:28:58,449] {scheduler_job.py:189} INFO - Processing /opt/airflow/dags/init.py took 0.104 seconds
[2022-02-19 09:29:28,949] {scheduler_job.py:181} INFO - Started process (PID=762) to work on /opt/airflow/dags/init.py
[2022-02-19 09:29:28,951] {scheduler_job.py:632} INFO - Processing file /opt/airflow/dags/init.py for tasks to queue
[2022-02-19 09:29:28,952] {logging_mixin.py:104} INFO - [2022-02-19 09:29:28,952] {dagbag.py:496} INFO - Filling up the DagBag from /opt/airflow/dags/init.py
[2022-02-19 09:29:28,977] {scheduler_job.py:642} INFO - DAG(s) dict_keys(['1_init_once_seed_data']) retrieved from /opt/airflow/dags/init.py
[2022-02-19 09:29:29,003] {logging_mixin.py:104} INFO - [2022-02-19 09:29:29,003] {dag.py:1833} INFO - Sync 1 DAGs
[2022-02-19 09:29:29,024] {logging_mixin.py:104} INFO - [2022-02-19 09:29:29,024] {dag.py:2306} INFO - Setting next_dagrun for 1_init_once_seed_data to None
[2022-02-19 09:29:29,038] {scheduler_job.py:189} INFO - Processing /opt/airflow/dags/init.py took 0.094 seconds
[2022-02-19 09:29:59,713] {scheduler_job.py:181} INFO - Started process (PID=815) to work on /opt/airflow/dags/init.py
[2022-02-19 09:29:59,716] {scheduler_job.py:632} INFO - Processing file /opt/airflow/dags/init.py for tasks to queue
[2022-02-19 09:29:59,717] {logging_mixin.py:104} INFO - [2022-02-19 09:29:59,717] {dagbag.py:496} INFO - Filling up the DagBag from /opt/airflow/dags/init.py
[2022-02-19 09:29:59,743] {scheduler_job.py:642} INFO - DAG(s) dict_keys(['1_init_once_seed_data']) retrieved from /opt/airflow/dags/init.py
[2022-02-19 09:29:59,764] {logging_mixin.py:104} INFO - [2022-02-19 09:29:59,764] {dag.py:1833} INFO - Sync 1 DAGs
[2022-02-19 09:29:59,781] {logging_mixin.py:104} INFO - [2022-02-19 09:29:59,781] {dag.py:2306} INFO - Setting next_dagrun for 1_init_once_seed_data to None
[2022-02-19 09:29:59,789] {scheduler_job.py:189} INFO - Processing /opt/airflow/dags/init.py took 0.081 seconds
[2022-02-19 09:30:30,713] {scheduler_job.py:181} INFO - Started process (PID=879) to work on /opt/airflow/dags/init.py
[2022-02-19 09:30:30,716] {scheduler_job.py:632} INFO - Processing file /opt/airflow/dags/init.py for tasks to queue
[2022-02-19 09:30:30,718] {logging_mixin.py:104} INFO - [2022-02-19 09:30:30,718] {dagbag.py:496} INFO - Filling up the DagBag from /opt/airflow/dags/init.py
[2022-02-19 09:30:30,744] {scheduler_job.py:642} INFO - DAG(s) dict_keys(['1_init_once_seed_data']) retrieved from /opt/airflow/dags/init.py
[2022-02-19 09:30:30,770] {logging_mixin.py:104} INFO - [2022-02-19 09:30:30,770] {dag.py:1833} INFO - Sync 1 DAGs
[2022-02-19 09:30:30,793] {logging_mixin.py:104} INFO - [2022-02-19 09:30:30,792] {dag.py:2306} INFO - Setting next_dagrun for 1_init_once_seed_data to None
[2022-02-19 09:30:30,807] {scheduler_job.py:189} INFO - Processing /opt/airflow/dags/init.py took 0.099 seconds
[2022-02-19 09:31:01,783] {scheduler_job.py:181} INFO - Started process (PID=934) to work on /opt/airflow/dags/init.py
[2022-02-19 09:31:01,786] {scheduler_job.py:632} INFO - Processing file /opt/airflow/dags/init.py for tasks to queue
[2022-02-19 09:31:01,788] {logging_mixin.py:104} INFO - [2022-02-19 09:31:01,788] {dagbag.py:496} INFO - Filling up the DagBag from /opt/airflow/dags/init.py
[2022-02-19 09:31:01,813] {scheduler_job.py:642} INFO - DAG(s) dict_keys(['1_init_once_seed_data']) retrieved from /opt/airflow/dags/init.py
[2022-02-19 09:31:01,842] {logging_mixin.py:104} INFO - [2022-02-19 09:31:01,842] {dag.py:1833} INFO - Sync 1 DAGs
[2022-02-19 09:31:01,866] {logging_mixin.py:104} INFO - [2022-02-19 09:31:01,865] {dag.py:2306} INFO - Setting next_dagrun for 1_init_once_seed_data to 2020-08-01T00:00:00+00:00
[2022-02-19 09:31:01,879] {scheduler_job.py:189} INFO - Processing /opt/airflow/dags/init.py took 0.101 seconds
[2022-02-19 09:31:32,145] {scheduler_job.py:181} INFO - Started process (PID=999) to work on /opt/airflow/dags/init.py
[2022-02-19 09:31:32,147] {scheduler_job.py:632} INFO - Processing file /opt/airflow/dags/init.py for tasks to queue
[2022-02-19 09:31:32,150] {logging_mixin.py:104} INFO - [2022-02-19 09:31:32,149] {dagbag.py:496} INFO - Filling up the DagBag from /opt/airflow/dags/init.py
[2022-02-19 09:31:32,176] {scheduler_job.py:642} INFO - DAG(s) dict_keys(['1_init_once_seed_data']) retrieved from /opt/airflow/dags/init.py
[2022-02-19 09:31:32,202] {logging_mixin.py:104} INFO - [2022-02-19 09:31:32,202] {dag.py:1833} INFO - Sync 1 DAGs
[2022-02-19 09:31:32,225] {logging_mixin.py:104} INFO - [2022-02-19 09:31:32,225] {dag.py:2306} INFO - Setting next_dagrun for 1_init_once_seed_data to None
[2022-02-19 09:31:32,241] {scheduler_job.py:189} INFO - Processing /opt/airflow/dags/init.py took 0.101 seconds
[2022-02-19 09:32:02,440] {scheduler_job.py:181} INFO - Started process (PID=1053) to work on /opt/airflow/dags/init.py
[2022-02-19 09:32:02,442] {scheduler_job.py:632} INFO - Processing file /opt/airflow/dags/init.py for tasks to queue
[2022-02-19 09:32:02,443] {logging_mixin.py:104} INFO - [2022-02-19 09:32:02,443] {dagbag.py:496} INFO - Filling up the DagBag from /opt/airflow/dags/init.py
[2022-02-19 09:32:02,471] {scheduler_job.py:642} INFO - DAG(s) dict_keys(['1_init_once_seed_data']) retrieved from /opt/airflow/dags/init.py
[2022-02-19 09:32:02,514] {logging_mixin.py:104} INFO - [2022-02-19 09:32:02,514] {dag.py:1833} INFO - Sync 1 DAGs
[2022-02-19 09:32:02,547] {logging_mixin.py:104} INFO - [2022-02-19 09:32:02,547] {dag.py:2306} INFO - Setting next_dagrun for 1_init_once_seed_data to None
[2022-02-19 09:32:02,559] {scheduler_job.py:189} INFO - Processing /opt/airflow/dags/init.py took 0.125 seconds
[2022-02-19 09:32:33,502] {scheduler_job.py:181} INFO - Started process (PID=1120) to work on /opt/airflow/dags/init.py
[2022-02-19 09:32:33,504] {scheduler_job.py:632} INFO - Processing file /opt/airflow/dags/init.py for tasks to queue
[2022-02-19 09:32:33,506] {logging_mixin.py:104} INFO - [2022-02-19 09:32:33,506] {dagbag.py:496} INFO - Filling up the DagBag from /opt/airflow/dags/init.py
[2022-02-19 09:32:33,534] {scheduler_job.py:642} INFO - DAG(s) dict_keys(['1_init_once_seed_data']) retrieved from /opt/airflow/dags/init.py
[2022-02-19 09:32:33,565] {logging_mixin.py:104} INFO - [2022-02-19 09:32:33,564] {dag.py:1833} INFO - Sync 1 DAGs
[2022-02-19 09:32:33,582] {logging_mixin.py:104} INFO - [2022-02-19 09:32:33,582] {dag.py:2306} INFO - Setting next_dagrun for 1_init_once_seed_data to None
[2022-02-19 09:32:33,595] {scheduler_job.py:189} INFO - Processing /opt/airflow/dags/init.py took 0.098 seconds
[2022-02-19 09:33:04,305] {scheduler_job.py:181} INFO - Started process (PID=1176) to work on /opt/airflow/dags/init.py
[2022-02-19 09:33:04,307] {scheduler_job.py:632} INFO - Processing file /opt/airflow/dags/init.py for tasks to queue
[2022-02-19 09:33:04,310] {logging_mixin.py:104} INFO - [2022-02-19 09:33:04,309] {dagbag.py:496} INFO - Filling up the DagBag from /opt/airflow/dags/init.py
[2022-02-19 09:33:04,337] {scheduler_job.py:642} INFO - DAG(s) dict_keys(['1_init_once_seed_data']) retrieved from /opt/airflow/dags/init.py
[2022-02-19 09:33:04,368] {logging_mixin.py:104} INFO - [2022-02-19 09:33:04,368] {dag.py:1833} INFO - Sync 1 DAGs
[2022-02-19 09:33:04,386] {logging_mixin.py:104} INFO - [2022-02-19 09:33:04,386] {dag.py:2306} INFO - Setting next_dagrun for 1_init_once_seed_data to None
[2022-02-19 09:33:04,399] {scheduler_job.py:189} INFO - Processing /opt/airflow/dags/init.py took 0.098 seconds
[2022-02-19 09:33:35,226] {scheduler_job.py:181} INFO - Started process (PID=1243) to work on /opt/airflow/dags/init.py
[2022-02-19 09:33:35,228] {scheduler_job.py:632} INFO - Processing file /opt/airflow/dags/init.py for tasks to queue
[2022-02-19 09:33:35,231] {logging_mixin.py:104} INFO - [2022-02-19 09:33:35,230] {dagbag.py:496} INFO - Filling up the DagBag from /opt/airflow/dags/init.py
[2022-02-19 09:33:35,261] {scheduler_job.py:642} INFO - DAG(s) dict_keys(['1_init_once_seed_data']) retrieved from /opt/airflow/dags/init.py
[2022-02-19 09:33:35,303] {logging_mixin.py:104} INFO - [2022-02-19 09:33:35,303] {dag.py:1833} INFO - Sync 1 DAGs
[2022-02-19 09:33:35,330] {logging_mixin.py:104} INFO - [2022-02-19 09:33:35,329] {dag.py:2306} INFO - Setting next_dagrun for 1_init_once_seed_data to None
[2022-02-19 09:33:35,356] {scheduler_job.py:189} INFO - Processing /opt/airflow/dags/init.py took 0.135 seconds
[2022-02-19 09:34:06,217] {scheduler_job.py:181} INFO - Started process (PID=1297) to work on /opt/airflow/dags/init.py
[2022-02-19 09:34:06,219] {scheduler_job.py:632} INFO - Processing file /opt/airflow/dags/init.py for tasks to queue
[2022-02-19 09:34:06,220] {logging_mixin.py:104} INFO - [2022-02-19 09:34:06,220] {dagbag.py:496} INFO - Filling up the DagBag from /opt/airflow/dags/init.py
[2022-02-19 09:34:06,248] {scheduler_job.py:642} INFO - DAG(s) dict_keys(['1_init_once_seed_data']) retrieved from /opt/airflow/dags/init.py
[2022-02-19 09:34:06,275] {logging_mixin.py:104} INFO - [2022-02-19 09:34:06,275] {dag.py:1833} INFO - Sync 1 DAGs
[2022-02-19 09:34:06,293] {logging_mixin.py:104} INFO - [2022-02-19 09:34:06,293] {dag.py:2306} INFO - Setting next_dagrun for 1_init_once_seed_data to None
[2022-02-19 09:34:06,305] {scheduler_job.py:189} INFO - Processing /opt/airflow/dags/init.py took 0.093 seconds
[2022-02-19 09:34:36,397] {scheduler_job.py:181} INFO - Started process (PID=1360) to work on /opt/airflow/dags/init.py
[2022-02-19 09:34:36,399] {scheduler_job.py:632} INFO - Processing file /opt/airflow/dags/init.py for tasks to queue
[2022-02-19 09:34:36,401] {logging_mixin.py:104} INFO - [2022-02-19 09:34:36,401] {dagbag.py:496} INFO - Filling up the DagBag from /opt/airflow/dags/init.py
[2022-02-19 09:34:36,456] {scheduler_job.py:642} INFO - DAG(s) dict_keys(['1_init_once_seed_data']) retrieved from /opt/airflow/dags/init.py
[2022-02-19 09:34:36,490] {logging_mixin.py:104} INFO - [2022-02-19 09:34:36,489] {dag.py:1833} INFO - Sync 1 DAGs
[2022-02-19 09:34:36,514] {logging_mixin.py:104} INFO - [2022-02-19 09:34:36,514] {dag.py:2306} INFO - Setting next_dagrun for 1_init_once_seed_data to None
[2022-02-19 09:34:36,528] {scheduler_job.py:189} INFO - Processing /opt/airflow/dags/init.py took 0.135 seconds
[2022-02-19 09:35:07,258] {scheduler_job.py:181} INFO - Started process (PID=1415) to work on /opt/airflow/dags/init.py
[2022-02-19 09:35:07,259] {scheduler_job.py:632} INFO - Processing file /opt/airflow/dags/init.py for tasks to queue
[2022-02-19 09:35:07,261] {logging_mixin.py:104} INFO - [2022-02-19 09:35:07,261] {dagbag.py:496} INFO - Filling up the DagBag from /opt/airflow/dags/init.py
[2022-02-19 09:35:07,291] {scheduler_job.py:642} INFO - DAG(s) dict_keys(['1_init_once_seed_data']) retrieved from /opt/airflow/dags/init.py
[2022-02-19 09:35:07,321] {logging_mixin.py:104} INFO - [2022-02-19 09:35:07,321] {dag.py:1833} INFO - Sync 1 DAGs
[2022-02-19 09:35:07,341] {logging_mixin.py:104} INFO - [2022-02-19 09:35:07,341] {dag.py:2306} INFO - Setting next_dagrun for 1_init_once_seed_data to None
[2022-02-19 09:35:07,354] {scheduler_job.py:189} INFO - Processing /opt/airflow/dags/init.py took 0.100 seconds
[2022-02-19 09:35:37,663] {scheduler_job.py:181} INFO - Started process (PID=1480) to work on /opt/airflow/dags/init.py
[2022-02-19 09:35:37,666] {scheduler_job.py:632} INFO - Processing file /opt/airflow/dags/init.py for tasks to queue
[2022-02-19 09:35:37,668] {logging_mixin.py:104} INFO - [2022-02-19 09:35:37,668] {dagbag.py:496} INFO - Filling up the DagBag from /opt/airflow/dags/init.py
[2022-02-19 09:35:37,703] {scheduler_job.py:642} INFO - DAG(s) dict_keys(['1_init_once_seed_data']) retrieved from /opt/airflow/dags/init.py
[2022-02-19 09:35:37,729] {logging_mixin.py:104} INFO - [2022-02-19 09:35:37,729] {dag.py:1833} INFO - Sync 1 DAGs
[2022-02-19 09:35:37,746] {logging_mixin.py:104} INFO - [2022-02-19 09:35:37,746] {dag.py:2306} INFO - Setting next_dagrun for 1_init_once_seed_data to None
[2022-02-19 09:35:37,757] {scheduler_job.py:189} INFO - Processing /opt/airflow/dags/init.py took 0.098 seconds
[2022-02-19 09:36:07,826] {scheduler_job.py:181} INFO - Started process (PID=1534) to work on /opt/airflow/dags/init.py
[2022-02-19 09:36:07,828] {scheduler_job.py:632} INFO - Processing file /opt/airflow/dags/init.py for tasks to queue
[2022-02-19 09:36:07,829] {logging_mixin.py:104} INFO - [2022-02-19 09:36:07,829] {dagbag.py:496} INFO - Filling up the DagBag from /opt/airflow/dags/init.py
[2022-02-19 09:36:07,856] {scheduler_job.py:642} INFO - DAG(s) dict_keys(['1_init_once_seed_data']) retrieved from /opt/airflow/dags/init.py
[2022-02-19 09:36:07,880] {logging_mixin.py:104} INFO - [2022-02-19 09:36:07,880] {dag.py:1833} INFO - Sync 1 DAGs
[2022-02-19 09:36:07,899] {logging_mixin.py:104} INFO - [2022-02-19 09:36:07,899] {dag.py:2306} INFO - Setting next_dagrun for 1_init_once_seed_data to None
[2022-02-19 09:36:07,911] {scheduler_job.py:189} INFO - Processing /opt/airflow/dags/init.py took 0.089 seconds
[2022-02-19 09:36:38,319] {scheduler_job.py:181} INFO - Started process (PID=1600) to work on /opt/airflow/dags/init.py
[2022-02-19 09:36:38,322] {scheduler_job.py:632} INFO - Processing file /opt/airflow/dags/init.py for tasks to queue
[2022-02-19 09:36:38,324] {logging_mixin.py:104} INFO - [2022-02-19 09:36:38,324] {dagbag.py:496} INFO - Filling up the DagBag from /opt/airflow/dags/init.py
[2022-02-19 09:36:38,354] {scheduler_job.py:642} INFO - DAG(s) dict_keys(['1_init_once_seed_data']) retrieved from /opt/airflow/dags/init.py
[2022-02-19 09:36:38,387] {logging_mixin.py:104} INFO - [2022-02-19 09:36:38,387] {dag.py:1833} INFO - Sync 1 DAGs
[2022-02-19 09:36:38,415] {logging_mixin.py:104} INFO - [2022-02-19 09:36:38,414] {dag.py:2306} INFO - Setting next_dagrun for 1_init_once_seed_data to None
[2022-02-19 09:36:38,442] {scheduler_job.py:189} INFO - Processing /opt/airflow/dags/init.py took 0.127 seconds
